# JRE version: OpenJDK Runtime Environment (21.0.8) (build 21.0.8+-14196175-b1038.72)
# Java VM: OpenJDK 64-Bit Server VM (21.0.8+-14196175-b1038.72, mixed mode, tiered, compressed oops, compressed class ptrs, serial gc, windows-amd64)
GC Precious Log:
 CardTable entry size: 512
 CPUs: 8 total, 8 available
 Memory: 7930M
 Large Page Support: Disabled
 NUMA Support: Disabled
 Compressed Oops: Enabled (Zero based)
 Heap Min Capacity: 8M
 Heap Initial Capacity: 124M
 Heap Max Capacity: 3G
 Pre-touch: Disabled
Heap:
 def new generation   total 100096K, used 57093K [0x0000000740000000, 0x0000000746c90000, 0x0000000780000000)
  eden space 89024K,  64% used [0x0000000740000000, 0x00000007437c14c0, 0x00000007456f0000)
  from space 11072K,   0% used [0x00000007456f0000, 0x00000007456f0000, 0x00000007461c0000)
  to   space 11072K,   0% used [0x00000007461c0000, 0x00000007461c0000, 0x0000000746c90000)
 tenured generation   total 221772K, used 133062K [0x0000000780000000, 0x000000078d893000, 0x0000000800000000)
   the space 221772K,  59% used [0x0000000780000000, 0x00000007881f1b80, 0x00000007881f1c00, 0x000000078d893000)
 Metaspace       used 116534K, committed 118720K, reserved 557056K
  class space    used 16583K, committed 17664K, reserved 425984K
GC Heap History (20 events):
Event: 39.336 GC heap before
{Heap before GC invocations=34 (full 4):
 def new generation   total 58368K, used 53722K [0x0000000740000000, 0x0000000743f50000, 0x0000000780000000)
  eden space 51904K, 100% used [0x0000000740000000, 0x00000007432b0000, 0x00000007432b0000)
  from space 6464K,  28% used [0x00000007432b0000, 0x0000000743476b78, 0x0000000743900000)
  to   space 6464K,   0% used [0x0000000743900000, 0x0000000743900000, 0x0000000743f50000)
 tenured generation   total 129176K, used 101117K [0x0000000780000000, 0x0000000787e26000, 0x0000000800000000)
   the space 129176K,  78% used [0x0000000780000000, 0x00000007862bf738, 0x00000007862bf800, 0x0000000787e26000)
 Metaspace       used 102334K, committed 104320K, reserved 557056K
  class space    used 14404K, committed 15360K, reserved 425984K
}
Event: 39.374 GC heap after
{Heap after GC invocations=35 (full 4):
 def new generation   total 58368K, used 6464K [0x0000000740000000, 0x0000000743f50000, 0x0000000780000000)
  eden space 51904K,   0% used [0x0000000740000000, 0x0000000740000000, 0x00000007432b0000)
  from space 6464K, 100% used [0x0000000743900000, 0x0000000743f50000, 0x0000000743f50000)
  to   space 6464K,   0% used [0x00000007432b0000, 0x00000007432b0000, 0x0000000743900000)
 tenured generation   total 129176K, used 102623K [0x0000000780000000, 0x0000000787e26000, 0x0000000800000000)
   the space 129176K,  79% used [0x0000000780000000, 0x0000000786437db8, 0x0000000786437e00, 0x0000000787e26000)
 Metaspace       used 102334K, committed 104320K, reserved 557056K
  class space    used 14404K, committed 15360K, reserved 425984K
}
Event: 41.423 GC heap before
{Heap before GC invocations=35 (full 4):
 def new generation   total 58368K, used 58368K [0x0000000740000000, 0x0000000743f50000, 0x0000000780000000)
  eden space 51904K, 100% used [0x0000000740000000, 0x00000007432b0000, 0x00000007432b0000)
  from space 6464K, 100% used [0x0000000743900000, 0x0000000743f50000, 0x0000000743f50000)
  to   space 6464K,   0% used [0x00000007432b0000, 0x00000007432b0000, 0x0000000743900000)
 tenured generation   total 129176K, used 102623K [0x0000000780000000, 0x0000000787e26000, 0x0000000800000000)
   the space 129176K,  79% used [0x0000000780000000, 0x0000000786437db8, 0x0000000786437e00, 0x0000000787e26000)
 Metaspace       used 104584K, committed 106624K, reserved 557056K
  class space    used 14719K, committed 15744K, reserved 425984K
}
Event: 41.461 GC heap after
{Heap after GC invocations=36 (full 4):
 def new generation   total 58368K, used 2602K [0x0000000740000000, 0x0000000743f50000, 0x0000000780000000)
  eden space 51904K,   0% used [0x0000000740000000, 0x0000000740000000, 0x00000007432b0000)
  from space 6464K,  40% used [0x00000007432b0000, 0x000000074353abd0, 0x0000000743900000)
  to   space 6464K,   0% used [0x0000000743900000, 0x0000000743900000, 0x0000000743f50000)
 tenured generation   total 129176K, used 109059K [0x0000000780000000, 0x0000000787e26000, 0x0000000800000000)
   the space 129176K,  84% used [0x0000000780000000, 0x0000000786a80fd8, 0x0000000786a81000, 0x0000000787e26000)
 Metaspace       used 104584K, committed 106624K, reserved 557056K
  class space    used 14719K, committed 15744K, reserved 425984K
}
Event: 43.915 GC heap before
{Heap before GC invocations=36 (full 4):
 def new generation   total 58368K, used 54506K [0x0000000740000000, 0x0000000743f50000, 0x0000000780000000)
  eden space 51904K, 100% used [0x0000000740000000, 0x00000007432b0000, 0x00000007432b0000)
  from space 6464K,  40% used [0x00000007432b0000, 0x000000074353abd0, 0x0000000743900000)
  to   space 6464K,   0% used [0x0000000743900000, 0x0000000743900000, 0x0000000743f50000)
 tenured generation   total 129176K, used 109059K [0x0000000780000000, 0x0000000787e26000, 0x0000000800000000)
   the space 129176K,  84% used [0x0000000780000000, 0x0000000786a80fd8, 0x0000000786a81000, 0x0000000787e26000)
 Metaspace       used 108500K, committed 110528K, reserved 557056K
  class space    used 15424K, committed 16448K, reserved 425984K
}
Event: 43.943 GC heap after
{Heap after GC invocations=37 (full 4):
 def new generation   total 58368K, used 3832K [0x0000000740000000, 0x0000000743f50000, 0x0000000780000000)
  eden space 51904K,   0% used [0x0000000740000000, 0x0000000740000000, 0x00000007432b0000)
  from space 6464K,  59% used [0x0000000743900000, 0x0000000743cbe1c0, 0x0000000743f50000)
  to   space 6464K,   0% used [0x00000007432b0000, 0x00000007432b0000, 0x0000000743900000)
 tenured generation   total 129176K, used 109059K [0x0000000780000000, 0x0000000787e26000, 0x0000000800000000)
   the space 129176K,  84% used [0x0000000780000000, 0x0000000786a80fd8, 0x0000000786a81000, 0x0000000787e26000)
 Metaspace       used 108500K, committed 110528K, reserved 557056K
  class space    used 15424K, committed 16448K, reserved 425984K
}
Event: 46.107 GC heap before
{Heap before GC invocations=37 (full 4):
 def new generation   total 58368K, used 55736K [0x0000000740000000, 0x0000000743f50000, 0x0000000780000000)
  eden space 51904K, 100% used [0x0000000740000000, 0x00000007432b0000, 0x00000007432b0000)
  from space 6464K,  59% used [0x0000000743900000, 0x0000000743cbe1c0, 0x0000000743f50000)
  to   space 6464K,   0% used [0x00000007432b0000, 0x00000007432b0000, 0x0000000743900000)
 tenured generation   total 129176K, used 109059K [0x0000000780000000, 0x0000000787e26000, 0x0000000800000000)
   the space 129176K,  84% used [0x0000000780000000, 0x0000000786a80fd8, 0x0000000786a81000, 0x0000000787e26000)
 Metaspace       used 111964K, committed 113984K, reserved 557056K
  class space    used 15907K, committed 16896K, reserved 425984K
}
Event: 46.144 GC heap after
{Heap after GC invocations=38 (full 4):
 def new generation   total 58368K, used 3310K [0x0000000740000000, 0x0000000743f50000, 0x0000000780000000)
  eden space 51904K,   0% used [0x0000000740000000, 0x0000000740000000, 0x00000007432b0000)
  from space 6464K,  51% used [0x00000007432b0000, 0x00000007435eb890, 0x0000000743900000)
  to   space 6464K,   0% used [0x0000000743900000, 0x0000000743900000, 0x0000000743f50000)
 tenured generation   total 129176K, used 111566K [0x0000000780000000, 0x0000000787e26000, 0x0000000800000000)
   the space 129176K,  86% used [0x0000000780000000, 0x0000000786cf3990, 0x0000000786cf3a00, 0x0000000787e26000)
 Metaspace       used 111964K, committed 113984K, reserved 557056K
  class space    used 15907K, committed 16896K, reserved 425984K
}
Event: 48.853 GC heap before
{Heap before GC invocations=38 (full 4):
 def new generation   total 58368K, used 55214K [0x0000000740000000, 0x0000000743f50000, 0x0000000780000000)
  eden space 51904K, 100% used [0x0000000740000000, 0x00000007432b0000, 0x00000007432b0000)
  from space 6464K,  51% used [0x00000007432b0000, 0x00000007435eb890, 0x0000000743900000)
  to   space 6464K,   0% used [0x0000000743900000, 0x0000000743900000, 0x0000000743f50000)
 tenured generation   total 129176K, used 111566K [0x0000000780000000, 0x0000000787e26000, 0x0000000800000000)
   the space 129176K,  86% used [0x0000000780000000, 0x0000000786cf3990, 0x0000000786cf3a00, 0x0000000787e26000)
 Metaspace       used 114905K, committed 117120K, reserved 557056K
  class space    used 16321K, committed 17408K, reserved 425984K
}
Event: 48.898 GC heap after
{Heap after GC invocations=39 (full 4):
 def new generation   total 58368K, used 5928K [0x0000000740000000, 0x0000000743f50000, 0x0000000780000000)
  eden space 51904K,   0% used [0x0000000740000000, 0x0000000740000000, 0x00000007432b0000)
  from space 6464K,  91% used [0x0000000743900000, 0x0000000743eca068, 0x0000000743f50000)
  to   space 6464K,   0% used [0x00000007432b0000, 0x00000007432b0000, 0x0000000743900000)
 tenured generation   total 129176K, used 112855K [0x0000000780000000, 0x0000000787e26000, 0x0000000800000000)
   the space 129176K,  87% used [0x0000000780000000, 0x0000000786e35ef0, 0x0000000786e36000, 0x0000000787e26000)
 Metaspace       used 114905K, committed 117120K, reserved 557056K
  class space    used 16321K, committed 17408K, reserved 425984K
}
Event: 51.134 GC heap before
{Heap before GC invocations=39 (full 4):
 def new generation   total 58368K, used 57832K [0x0000000740000000, 0x0000000743f50000, 0x0000000780000000)
  eden space 51904K, 100% used [0x0000000740000000, 0x00000007432b0000, 0x00000007432b0000)
  from space 6464K,  91% used [0x0000000743900000, 0x0000000743eca068, 0x0000000743f50000)
  to   space 6464K,   0% used [0x00000007432b0000, 0x00000007432b0000, 0x0000000743900000)
 tenured generation   total 129176K, used 112855K [0x0000000780000000, 0x0000000787e26000, 0x0000000800000000)
   the space 129176K,  87% used [0x0000000780000000, 0x0000000786e35ef0, 0x0000000786e36000, 0x0000000787e26000)
 Metaspace       used 114996K, committed 117184K, reserved 557056K
  class space    used 16322K, committed 17408K, reserved 425984K
}
Event: 51.183 GC heap after
{Heap after GC invocations=40 (full 4):
 def new generation   total 58368K, used 4565K [0x0000000740000000, 0x0000000743f50000, 0x0000000780000000)
  eden space 51904K,   0% used [0x0000000740000000, 0x0000000740000000, 0x00000007432b0000)
  from space 6464K,  70% used [0x00000007432b0000, 0x0000000743725730, 0x0000000743900000)
  to   space 6464K,   0% used [0x0000000743900000, 0x0000000743900000, 0x0000000743f50000)
 tenured generation   total 129176K, used 118294K [0x0000000780000000, 0x0000000787e26000, 0x0000000800000000)
   the space 129176K,  91% used [0x0000000780000000, 0x00000007873859a0, 0x0000000787385a00, 0x0000000787e26000)
 Metaspace       used 114996K, committed 117184K, reserved 557056K
  class space    used 16322K, committed 17408K, reserved 425984K
}
Event: 53.276 GC heap before
{Heap before GC invocations=40 (full 4):
 def new generation   total 58368K, used 56469K [0x0000000740000000, 0x0000000743f50000, 0x0000000780000000)
  eden space 51904K, 100% used [0x0000000740000000, 0x00000007432b0000, 0x00000007432b0000)
  from space 6464K,  70% used [0x00000007432b0000, 0x0000000743725730, 0x0000000743900000)
  to   space 6464K,   0% used [0x0000000743900000, 0x0000000743900000, 0x0000000743f50000)
 tenured generation   total 129176K, used 118294K [0x0000000780000000, 0x0000000787e26000, 0x0000000800000000)
   the space 129176K,  91% used [0x0000000780000000, 0x00000007873859a0, 0x0000000787385a00, 0x0000000787e26000)
 Metaspace       used 114997K, committed 117184K, reserved 557056K
  class space    used 16322K, committed 17408K, reserved 425984K
}
Event: 53.305 GC heap after
{Heap after GC invocations=41 (full 4):
 def new generation   total 58368K, used 4243K [0x0000000740000000, 0x0000000743f50000, 0x0000000780000000)
  eden space 51904K,   0% used [0x0000000740000000, 0x0000000740000000, 0x00000007432b0000)
  from space 6464K,  65% used [0x0000000743900000, 0x0000000743d24d08, 0x0000000743f50000)
  to   space 6464K,   0% used [0x00000007432b0000, 0x00000007432b0000, 0x0000000743900000)
 tenured generation   total 129176K, used 120289K [0x0000000780000000, 0x0000000787e26000, 0x0000000800000000)
   the space 129176K,  93% used [0x0000000780000000, 0x0000000787578430, 0x0000000787578600, 0x0000000787e26000)
 Metaspace       used 114997K, committed 117184K, reserved 557056K
  class space    used 16322K, committed 17408K, reserved 425984K
}
Event: 55.811 GC heap before
{Heap before GC invocations=41 (full 4):
 def new generation   total 58368K, used 56147K [0x0000000740000000, 0x0000000743f50000, 0x0000000780000000)
  eden space 51904K, 100% used [0x0000000740000000, 0x00000007432b0000, 0x00000007432b0000)
  from space 6464K,  65% used [0x0000000743900000, 0x0000000743d24d08, 0x0000000743f50000)
  to   space 6464K,   0% used [0x00000007432b0000, 0x00000007432b0000, 0x0000000743900000)
 tenured generation   total 129176K, used 120289K [0x0000000780000000, 0x0000000787e26000, 0x0000000800000000)
   the space 129176K,  93% used [0x0000000780000000, 0x0000000787578430, 0x0000000787578600, 0x0000000787e26000)
 Metaspace       used 116224K, committed 118400K, reserved 557056K
  class space    used 16545K, committed 17600K, reserved 425984K
}
Event: 55.856 GC heap after
{Heap after GC invocations=42 (full 4):
 def new generation   total 58368K, used 6464K [0x0000000740000000, 0x0000000743f50000, 0x0000000780000000)
  eden space 51904K,   0% used [0x0000000740000000, 0x0000000740000000, 0x00000007432b0000)
  from space 6464K, 100% used [0x00000007432b0000, 0x0000000743900000, 0x0000000743900000)
  to   space 6464K,   0% used [0x0000000743900000, 0x0000000743900000, 0x0000000743f50000)
 tenured generation   total 129176K, used 127189K [0x0000000780000000, 0x0000000787e26000, 0x0000000800000000)
   the space 129176K,  98% used [0x0000000780000000, 0x0000000787c355e8, 0x0000000787c35600, 0x0000000787e26000)
 Metaspace       used 116224K, committed 118400K, reserved 557056K
  class space    used 16545K, committed 17600K, reserved 425984K
}
Event: 58.014 GC heap before
{Heap before GC invocations=42 (full 4):
 def new generation   total 58368K, used 58368K [0x0000000740000000, 0x0000000743f50000, 0x0000000780000000)
  eden space 51904K, 100% used [0x0000000740000000, 0x00000007432b0000, 0x00000007432b0000)
  from space 6464K, 100% used [0x00000007432b0000, 0x0000000743900000, 0x0000000743900000)
  to   space 6464K,   0% used [0x0000000743900000, 0x0000000743900000, 0x0000000743f50000)
 tenured generation   total 129176K, used 127189K [0x0000000780000000, 0x0000000787e26000, 0x0000000800000000)
   the space 129176K,  98% used [0x0000000780000000, 0x0000000787c355e8, 0x0000000787c35600, 0x0000000787e26000)
 Metaspace       used 116421K, committed 118592K, reserved 557056K
  class space    used 16563K, committed 17600K, reserved 425984K
}
Event: 58.055 GC heap after
{Heap after GC invocations=43 (full 4):
 def new generation   total 58368K, used 5043K [0x0000000740000000, 0x0000000743f50000, 0x0000000780000000)
  eden space 51904K,   0% used [0x0000000740000000, 0x0000000740000000, 0x00000007432b0000)
  from space 6464K,  78% used [0x0000000743900000, 0x0000000743decc30, 0x0000000743f50000)
  to   space 6464K,   0% used [0x00000007432b0000, 0x00000007432b0000, 0x0000000743900000)
 tenured generation   total 133780K, used 133628K [0x0000000780000000, 0x00000007882a5000, 0x0000000800000000)
   the space 133780K,  99% used [0x0000000780000000, 0x000000078827f328, 0x000000078827f400, 0x00000007882a5000)
 Metaspace       used 116421K, committed 118592K, reserved 557056K
  class space    used 16563K, committed 17600K, reserved 425984K
}
Event: 58.055 GC heap before
{Heap before GC invocations=43 (full 4):
 def new generation   total 58368K, used 5043K [0x0000000740000000, 0x0000000743f50000, 0x0000000780000000)
  eden space 51904K,   0% used [0x0000000740000000, 0x0000000740000000, 0x00000007432b0000)
  from space 6464K,  78% used [0x0000000743900000, 0x0000000743decc30, 0x0000000743f50000)
  to   space 6464K,   0% used [0x00000007432b0000, 0x00000007432b0000, 0x0000000743900000)
 tenured generation   total 133780K, used 133628K [0x0000000780000000, 0x00000007882a5000, 0x0000000800000000)
   the space 133780K,  99% used [0x0000000780000000, 0x000000078827f328, 0x000000078827f400, 0x00000007882a5000)
 Metaspace       used 116421K, committed 118592K, reserved 557056K
  class space    used 16563K, committed 17600K, reserved 425984K
}
Event: 58.731 GC heap after
{Heap after GC invocations=43 (full 5):
 def new generation   total 100096K, used 0K [0x0000000740000000, 0x0000000746c90000, 0x0000000780000000)
  eden space 89024K,   0% used [0x0000000740000000, 0x0000000740000000, 0x00000007456f0000)
  from space 11072K,   0% used [0x00000007456f0000, 0x00000007456f0000, 0x00000007461c0000)
  to   space 11072K,   0% used [0x00000007461c0000, 0x00000007461c0000, 0x0000000746c90000)
 tenured generation   total 221772K, used 133062K [0x0000000780000000, 0x000000078d893000, 0x0000000800000000)
   the space 221772K,  59% used [0x0000000780000000, 0x00000007881f1b80, 0x00000007881f1c00, 0x000000078d893000)
 Metaspace       used 116421K, committed 118592K, reserved 557056K
  class space    used 16563K, committed 17600K, reserved 425984K
}

