# JRE version: OpenJDK Runtime Environment (21.0.8) (build 21.0.8+-14196175-b1038.72)
# Java VM: OpenJDK 64-Bit Server VM (21.0.8+-14196175-b1038.72, mixed mode, tiered, compressed oops, compressed class ptrs, serial gc, windows-amd64)
GC Precious Log:
 CardTable entry size: 512
 CPUs: 8 total, 8 available
 Memory: 7930M
 Large Page Support: Disabled
 NUMA Support: Disabled
 Compressed Oops: Enabled (32-bit)
 Heap Min Capacity: 8M
 Heap Initial Capacity: 124M
 Heap Max Capacity: 1G
 Pre-touch: Disabled
Heap:
 def new generation   total 171328K, used 32643K [0x00000000c0000000, 0x00000000cb9e0000, 0x00000000d5550000)
  eden space 152320K,  10% used [0x00000000c0000000, 0x00000000c0feabe0, 0x00000000c94c0000)
  from space 19008K,  85% used [0x00000000c94c0000, 0x00000000ca4b6150, 0x00000000ca750000)
  to   space 19008K,   0% used [0x00000000ca750000, 0x00000000ca750000, 0x00000000cb9e0000)
 tenured generation   total 380160K, used 236651K [0x00000000d5550000, 0x00000000ec890000, 0x0000000100000000)
   the space 380160K,  62% used [0x00000000d5550000, 0x00000000e3c6ae90, 0x00000000e3c6b000, 0x00000000ec890000)
 Metaspace       used 123624K, committed 126272K, reserved 344064K
  class space    used 17479K, committed 18688K, reserved 212992K
GC Heap History (20 events):
Event: 197.289 GC heap before
{Heap before GC invocations=52 (full 5):
 def new generation   total 101696K, used 94771K [0x00000000c0000000, 0x00000000c6e50000, 0x00000000d5550000)
  eden space 90432K, 100% used [0x00000000c0000000, 0x00000000c5850000, 0x00000000c5850000)
  from space 11264K,  38% used [0x00000000c6350000, 0x00000000c678cd90, 0x00000000c6e50000)
  to   space 11264K,   0% used [0x00000000c5850000, 0x00000000c5850000, 0x00000000c6350000)
 tenured generation   total 225424K, used 187449K [0x00000000d5550000, 0x00000000e3174000, 0x0000000100000000)
   the space 225424K,  83% used [0x00000000d5550000, 0x00000000e0c5e588, 0x00000000e0c5e600, 0x00000000e3174000)
 Metaspace       used 121755K, committed 124224K, reserved 344064K
  class space    used 17263K, committed 18432K, reserved 212992K
}
Event: 197.364 GC heap after
{Heap after GC invocations=53 (full 5):
 def new generation   total 101696K, used 11264K [0x00000000c0000000, 0x00000000c6e50000, 0x00000000d5550000)
  eden space 90432K,   0% used [0x00000000c0000000, 0x00000000c0000000, 0x00000000c5850000)
  from space 11264K, 100% used [0x00000000c5850000, 0x00000000c6350000, 0x00000000c6350000)
  to   space 11264K,   0% used [0x00000000c6350000, 0x00000000c6350000, 0x00000000c6e50000)
 tenured generation   total 225424K, used 195786K [0x00000000d5550000, 0x00000000e3174000, 0x0000000100000000)
   the space 225424K,  86% used [0x00000000d5550000, 0x00000000e14828c8, 0x00000000e1482a00, 0x00000000e3174000)
 Metaspace       used 121755K, committed 124224K, reserved 344064K
  class space    used 17263K, committed 18432K, reserved 212992K
}
Event: 198.851 GC heap before
{Heap before GC invocations=53 (full 5):
 def new generation   total 101696K, used 101696K [0x00000000c0000000, 0x00000000c6e50000, 0x00000000d5550000)
  eden space 90432K, 100% used [0x00000000c0000000, 0x00000000c5850000, 0x00000000c5850000)
  from space 11264K, 100% used [0x00000000c5850000, 0x00000000c6350000, 0x00000000c6350000)
  to   space 11264K,   0% used [0x00000000c6350000, 0x00000000c6350000, 0x00000000c6e50000)
 tenured generation   total 225424K, used 195786K [0x00000000d5550000, 0x00000000e3174000, 0x0000000100000000)
   the space 225424K,  86% used [0x00000000d5550000, 0x00000000e14828c8, 0x00000000e1482a00, 0x00000000e3174000)
 Metaspace       used 121984K, committed 124544K, reserved 344064K
  class space    used 17292K, committed 18496K, reserved 212992K
}
Event: 198.939 GC heap after
{Heap after GC invocations=54 (full 5):
 def new generation   total 101696K, used 8585K [0x00000000c0000000, 0x00000000c6e50000, 0x00000000d5550000)
  eden space 90432K,   0% used [0x00000000c0000000, 0x00000000c0000000, 0x00000000c5850000)
  from space 11264K,  76% used [0x00000000c6350000, 0x00000000c6bb25f0, 0x00000000c6e50000)
  to   space 11264K,   0% used [0x00000000c5850000, 0x00000000c5850000, 0x00000000c6350000)
 tenured generation   total 225424K, used 206989K [0x00000000d5550000, 0x00000000e3174000, 0x0000000100000000)
   the space 225424K,  91% used [0x00000000d5550000, 0x00000000e1f73648, 0x00000000e1f73800, 0x00000000e3174000)
 Metaspace       used 121984K, committed 124544K, reserved 344064K
  class space    used 17292K, committed 18496K, reserved 212992K
}
Event: 203.988 GC heap before
{Heap before GC invocations=54 (full 5):
 def new generation   total 101696K, used 99017K [0x00000000c0000000, 0x00000000c6e50000, 0x00000000d5550000)
  eden space 90432K, 100% used [0x00000000c0000000, 0x00000000c5850000, 0x00000000c5850000)
  from space 11264K,  76% used [0x00000000c6350000, 0x00000000c6bb25f0, 0x00000000c6e50000)
  to   space 11264K,   0% used [0x00000000c5850000, 0x00000000c5850000, 0x00000000c6350000)
 tenured generation   total 225424K, used 206989K [0x00000000d5550000, 0x00000000e3174000, 0x0000000100000000)
   the space 225424K,  91% used [0x00000000d5550000, 0x00000000e1f73648, 0x00000000e1f73800, 0x00000000e3174000)
 Metaspace       used 122177K, committed 124672K, reserved 344064K
  class space    used 17318K, committed 18496K, reserved 212992K
}
Event: 204.062 GC heap after
{Heap after GC invocations=55 (full 5):
 def new generation   total 101696K, used 9028K [0x00000000c0000000, 0x00000000c6e50000, 0x00000000d5550000)
  eden space 90432K,   0% used [0x00000000c0000000, 0x00000000c0000000, 0x00000000c5850000)
  from space 11264K,  80% used [0x00000000c5850000, 0x00000000c6121328, 0x00000000c6350000)
  to   space 11264K,   0% used [0x00000000c6350000, 0x00000000c6350000, 0x00000000c6e50000)
 tenured generation   total 225424K, used 212316K [0x00000000d5550000, 0x00000000e3174000, 0x0000000100000000)
   the space 225424K,  94% used [0x00000000d5550000, 0x00000000e24a7190, 0x00000000e24a7200, 0x00000000e3174000)
 Metaspace       used 122177K, committed 124672K, reserved 344064K
  class space    used 17318K, committed 18496K, reserved 212992K
}
Event: 207.373 GC heap before
{Heap before GC invocations=55 (full 5):
 def new generation   total 101696K, used 99460K [0x00000000c0000000, 0x00000000c6e50000, 0x00000000d5550000)
  eden space 90432K, 100% used [0x00000000c0000000, 0x00000000c5850000, 0x00000000c5850000)
  from space 11264K,  80% used [0x00000000c5850000, 0x00000000c6121328, 0x00000000c6350000)
  to   space 11264K,   0% used [0x00000000c6350000, 0x00000000c6350000, 0x00000000c6e50000)
 tenured generation   total 225424K, used 212316K [0x00000000d5550000, 0x00000000e3174000, 0x0000000100000000)
   the space 225424K,  94% used [0x00000000d5550000, 0x00000000e24a7190, 0x00000000e24a7200, 0x00000000e3174000)
 Metaspace       used 122481K, committed 125056K, reserved 344064K
  class space    used 17354K, committed 18560K, reserved 212992K
}
Event: 207.444 GC heap after
{Heap after GC invocations=56 (full 5):
 def new generation   total 101696K, used 10491K [0x00000000c0000000, 0x00000000c6e50000, 0x00000000d5550000)
  eden space 90432K,   0% used [0x00000000c0000000, 0x00000000c0000000, 0x00000000c5850000)
  from space 11264K,  93% used [0x00000000c6350000, 0x00000000c6d8ed40, 0x00000000c6e50000)
  to   space 11264K,   0% used [0x00000000c5850000, 0x00000000c5850000, 0x00000000c6350000)
 tenured generation   total 225424K, used 216562K [0x00000000d5550000, 0x00000000e3174000, 0x0000000100000000)
   the space 225424K,  96% used [0x00000000d5550000, 0x00000000e28cc940, 0x00000000e28cca00, 0x00000000e3174000)
 Metaspace       used 122481K, committed 125056K, reserved 344064K
  class space    used 17354K, committed 18560K, reserved 212992K
}
Event: 208.298 GC heap before
{Heap before GC invocations=56 (full 5):
 def new generation   total 101696K, used 100923K [0x00000000c0000000, 0x00000000c6e50000, 0x00000000d5550000)
  eden space 90432K, 100% used [0x00000000c0000000, 0x00000000c5850000, 0x00000000c5850000)
  from space 11264K,  93% used [0x00000000c6350000, 0x00000000c6d8ed40, 0x00000000c6e50000)
  to   space 11264K,   0% used [0x00000000c5850000, 0x00000000c5850000, 0x00000000c6350000)
 tenured generation   total 225424K, used 216562K [0x00000000d5550000, 0x00000000e3174000, 0x0000000100000000)
   the space 225424K,  96% used [0x00000000d5550000, 0x00000000e28cc940, 0x00000000e28cca00, 0x00000000e3174000)
 Metaspace       used 122536K, committed 125056K, reserved 344064K
  class space    used 17360K, committed 18560K, reserved 212992K
}
Event: 208.340 GC heap after
{Heap after GC invocations=57 (full 5):
 def new generation   total 101696K, used 5071K [0x00000000c0000000, 0x00000000c6e50000, 0x00000000d5550000)
  eden space 90432K,   0% used [0x00000000c0000000, 0x00000000c0000000, 0x00000000c5850000)
  from space 11264K,  45% used [0x00000000c5850000, 0x00000000c5d43ea8, 0x00000000c6350000)
  to   space 11264K,   0% used [0x00000000c6350000, 0x00000000c6350000, 0x00000000c6e50000)
 tenured generation   total 225424K, used 224366K [0x00000000d5550000, 0x00000000e3174000, 0x0000000100000000)
   the space 225424K,  99% used [0x00000000d5550000, 0x00000000e306b8d8, 0x00000000e306ba00, 0x00000000e3174000)
 Metaspace       used 122536K, committed 125056K, reserved 344064K
  class space    used 17360K, committed 18560K, reserved 212992K
}
Event: 209.374 GC heap before
{Heap before GC invocations=57 (full 5):
 def new generation   total 101696K, used 95503K [0x00000000c0000000, 0x00000000c6e50000, 0x00000000d5550000)
  eden space 90432K, 100% used [0x00000000c0000000, 0x00000000c5850000, 0x00000000c5850000)
  from space 11264K,  45% used [0x00000000c5850000, 0x00000000c5d43ea8, 0x00000000c6350000)
  to   space 11264K,   0% used [0x00000000c6350000, 0x00000000c6350000, 0x00000000c6e50000)
 tenured generation   total 225424K, used 224366K [0x00000000d5550000, 0x00000000e3174000, 0x0000000100000000)
   the space 225424K,  99% used [0x00000000d5550000, 0x00000000e306b8d8, 0x00000000e306ba00, 0x00000000e3174000)
 Metaspace       used 122604K, committed 125120K, reserved 344064K
  class space    used 17367K, committed 18560K, reserved 212992K
}
Event: 209.405 GC heap after
{Heap after GC invocations=58 (full 5):
 def new generation   total 101696K, used 9808K [0x00000000c0000000, 0x00000000c6e50000, 0x00000000d5550000)
  eden space 90432K,   0% used [0x00000000c0000000, 0x00000000c0000000, 0x00000000c5850000)
  from space 11264K,  87% used [0x00000000c6350000, 0x00000000c6ce40b8, 0x00000000c6e50000)
  to   space 11264K,   0% used [0x00000000c5850000, 0x00000000c5850000, 0x00000000c6350000)
 tenured generation   total 225424K, used 224366K [0x00000000d5550000, 0x00000000e3174000, 0x0000000100000000)
   the space 225424K,  99% used [0x00000000d5550000, 0x00000000e306b8d8, 0x00000000e306ba00, 0x00000000e3174000)
 Metaspace       used 122604K, committed 125120K, reserved 344064K
  class space    used 17367K, committed 18560K, reserved 212992K
}
Event: 210.434 GC heap before
{Heap before GC invocations=58 (full 5):
 def new generation   total 101696K, used 100240K [0x00000000c0000000, 0x00000000c6e50000, 0x00000000d5550000)
  eden space 90432K, 100% used [0x00000000c0000000, 0x00000000c5850000, 0x00000000c5850000)
  from space 11264K,  87% used [0x00000000c6350000, 0x00000000c6ce40b8, 0x00000000c6e50000)
  to   space 11264K,   0% used [0x00000000c5850000, 0x00000000c5850000, 0x00000000c6350000)
 tenured generation   total 225424K, used 224366K [0x00000000d5550000, 0x00000000e3174000, 0x0000000100000000)
   the space 225424K,  99% used [0x00000000d5550000, 0x00000000e306b8d8, 0x00000000e306ba00, 0x00000000e3174000)
 Metaspace       used 122672K, committed 125184K, reserved 344064K
  class space    used 17375K, committed 18560K, reserved 212992K
}
Event: 210.486 GC heap after
{Heap after GC invocations=59 (full 5):
 def new generation   total 101696K, used 8825K [0x00000000c0000000, 0x00000000c6e50000, 0x00000000d5550000)
  eden space 90432K,   0% used [0x00000000c0000000, 0x00000000c0000000, 0x00000000c5850000)
  from space 11264K,  78% used [0x00000000c5850000, 0x00000000c60ee620, 0x00000000c6350000)
  to   space 11264K,   0% used [0x00000000c6350000, 0x00000000c6350000, 0x00000000c6e50000)
 tenured generation   total 230608K, used 230528K [0x00000000d5550000, 0x00000000e3684000, 0x0000000100000000)
   the space 230608K,  99% used [0x00000000d5550000, 0x00000000e36702c0, 0x00000000e3670400, 0x00000000e3684000)
 Metaspace       used 122672K, committed 125184K, reserved 344064K
  class space    used 17375K, committed 18560K, reserved 212992K
}
Event: 210.486 GC heap before
{Heap before GC invocations=59 (full 5):
 def new generation   total 101696K, used 8825K [0x00000000c0000000, 0x00000000c6e50000, 0x00000000d5550000)
  eden space 90432K,   0% used [0x00000000c0000000, 0x00000000c0000000, 0x00000000c5850000)
  from space 11264K,  78% used [0x00000000c5850000, 0x00000000c60ee620, 0x00000000c6350000)
  to   space 11264K,   0% used [0x00000000c6350000, 0x00000000c6350000, 0x00000000c6e50000)
 tenured generation   total 230608K, used 230528K [0x00000000d5550000, 0x00000000e3684000, 0x0000000100000000)
   the space 230608K,  99% used [0x00000000d5550000, 0x00000000e36702c0, 0x00000000e3670400, 0x00000000e3684000)
 Metaspace       used 122672K, committed 125184K, reserved 344064K
  class space    used 17375K, committed 18560K, reserved 212992K
}
Event: 213.140 GC heap after
{Heap after GC invocations=59 (full 6):
 def new generation   total 171328K, used 0K [0x00000000c0000000, 0x00000000cb9e0000, 0x00000000d5550000)
  eden space 152320K,   0% used [0x00000000c0000000, 0x00000000c0000000, 0x00000000c94c0000)
  from space 19008K,   0% used [0x00000000c94c0000, 0x00000000c94c0000, 0x00000000ca750000)
  to   space 19008K,   0% used [0x00000000ca750000, 0x00000000ca750000, 0x00000000cb9e0000)
 tenured generation   total 380160K, used 228094K [0x00000000d5550000, 0x00000000ec890000, 0x0000000100000000)
   the space 380160K,  59% used [0x00000000d5550000, 0x00000000e340f960, 0x00000000e340fa00, 0x00000000ec890000)
 Metaspace       used 122672K, committed 125184K, reserved 344064K
  class space    used 17375K, committed 18560K, reserved 212992K
}
Event: 218.857 GC heap before
{Heap before GC invocations=59 (full 6):
 def new generation   total 171328K, used 152320K [0x00000000c0000000, 0x00000000cb9e0000, 0x00000000d5550000)
  eden space 152320K, 100% used [0x00000000c0000000, 0x00000000c94c0000, 0x00000000c94c0000)
  from space 19008K,   0% used [0x00000000c94c0000, 0x00000000c94c0000, 0x00000000ca750000)
  to   space 19008K,   0% used [0x00000000ca750000, 0x00000000ca750000, 0x00000000cb9e0000)
 tenured generation   total 380160K, used 228094K [0x00000000d5550000, 0x00000000ec890000, 0x0000000100000000)
   the space 380160K,  59% used [0x00000000d5550000, 0x00000000e340f960, 0x00000000e340fa00, 0x00000000ec890000)
 Metaspace       used 122956K, committed 125504K, reserved 344064K
  class space    used 17403K, committed 18560K, reserved 212992K
}
Event: 218.964 GC heap after
{Heap after GC invocations=60 (full 6):
 def new generation   total 171328K, used 11560K [0x00000000c0000000, 0x00000000cb9e0000, 0x00000000d5550000)
  eden space 152320K,   0% used [0x00000000c0000000, 0x00000000c0000000, 0x00000000c94c0000)
  from space 19008K,  60% used [0x00000000ca750000, 0x00000000cb29a1b8, 0x00000000cb9e0000)
  to   space 19008K,   0% used [0x00000000c94c0000, 0x00000000c94c0000, 0x00000000ca750000)
 tenured generation   total 380160K, used 228094K [0x00000000d5550000, 0x00000000ec890000, 0x0000000100000000)
   the space 380160K,  59% used [0x00000000d5550000, 0x00000000e340f960, 0x00000000e340fa00, 0x00000000ec890000)
 Metaspace       used 122956K, committed 125504K, reserved 344064K
  class space    used 17403K, committed 18560K, reserved 212992K
}
Event: 223.134 GC heap before
{Heap before GC invocations=60 (full 6):
 def new generation   total 171328K, used 163880K [0x00000000c0000000, 0x00000000cb9e0000, 0x00000000d5550000)
  eden space 152320K, 100% used [0x00000000c0000000, 0x00000000c94c0000, 0x00000000c94c0000)
  from space 19008K,  60% used [0x00000000ca750000, 0x00000000cb29a1b8, 0x00000000cb9e0000)
  to   space 19008K,   0% used [0x00000000c94c0000, 0x00000000c94c0000, 0x00000000ca750000)
 tenured generation   total 380160K, used 228094K [0x00000000d5550000, 0x00000000ec890000, 0x0000000100000000)
   the space 380160K,  59% used [0x00000000d5550000, 0x00000000e340f960, 0x00000000e340fa00, 0x00000000ec890000)
 Metaspace       used 123597K, committed 126208K, reserved 344064K
  class space    used 17474K, committed 18688K, reserved 212992K
}
Event: 223.302 GC heap after
{Heap after GC invocations=61 (full 6):
 def new generation   total 171328K, used 16344K [0x00000000c0000000, 0x00000000cb9e0000, 0x00000000d5550000)
  eden space 152320K,   0% used [0x00000000c0000000, 0x00000000c0000000, 0x00000000c94c0000)
  from space 19008K,  85% used [0x00000000c94c0000, 0x00000000ca4b6150, 0x00000000ca750000)
  to   space 19008K,   0% used [0x00000000ca750000, 0x00000000ca750000, 0x00000000cb9e0000)
 tenured generation   total 380160K, used 236651K [0x00000000d5550000, 0x00000000ec890000, 0x0000000100000000)
   the space 380160K,  62% used [0x00000000d5550000, 0x00000000e3c6ae90, 0x00000000e3c6b000, 0x00000000ec890000)
 Metaspace       used 123597K, committed 126208K, reserved 344064K
  class space    used 17474K, committed 18688K, reserved 212992K
}

