# JRE version: OpenJDK Runtime Environment (21.0.8) (build 21.0.8+-14196175-b1038.72)
# Java VM: OpenJDK 64-Bit Server VM (21.0.8+-14196175-b1038.72, mixed mode, tiered, compressed oops, compressed class ptrs, serial gc, windows-amd64)
GC Precious Log:
 CardTable entry size: 512
 CPUs: 8 total, 8 available
 Memory: 7930M
 Large Page Support: Disabled
 NUMA Support: Disabled
 Compressed Oops: Enabled (32-bit)
 Heap Min Capacity: 8M
 Heap Initial Capacity: 124M
 Heap Max Capacity: 2G
 Pre-touch: Disabled
Heap:
 def new generation   total 105216K, used 43396K [0x0000000080000000, 0x0000000087220000, 0x00000000aaaa0000)
  eden space 93568K,  46% used [0x0000000080000000, 0x0000000082a61348, 0x0000000085b60000)
  from space 11648K,   0% used [0x0000000085b60000, 0x0000000085b60000, 0x00000000866c0000)
  to   space 11648K,   0% used [0x00000000866c0000, 0x00000000866c0000, 0x0000000087220000)
 tenured generation   total 233164K, used 233162K [0x00000000aaaa0000, 0x00000000b8e53000, 0x0000000100000000)
   the space 233164K,  99% used [0x00000000aaaa0000, 0x00000000b8e52a28, 0x00000000b8e52c00, 0x00000000b8e53000)
 Metaspace       used 121850K, committed 124352K, reserved 458752K
  class space    used 17274K, committed 18432K, reserved 327680K
GC Heap History (20 events):
Event: 80.608 GC heap before
{Heap before GC invocations=54 (full 5):
 def new generation   total 100416K, used 7672K [0x0000000080000000, 0x0000000086cf0000, 0x00000000aaaa0000)
  eden space 89280K,   0% used [0x0000000080000000, 0x0000000080000000, 0x0000000085730000)
  from space 11136K,  68% used [0x0000000086210000, 0x000000008698e108, 0x0000000086cf0000)
  to   space 11136K,   0% used [0x0000000085730000, 0x0000000085730000, 0x0000000086210000)
 tenured generation   total 222988K, used 222837K [0x00000000aaaa0000, 0x00000000b8463000, 0x0000000100000000)
   the space 222988K,  99% used [0x00000000aaaa0000, 0x00000000b843d5a8, 0x00000000b843d600, 0x00000000b8463000)
 Metaspace       used 120884K, committed 123392K, reserved 458752K
  class space    used 17162K, committed 18304K, reserved 327680K
}
Event: 86.613 GC heap after
{Heap after GC invocations=54 (full 6):
 def new generation   total 100608K, used 0K [0x0000000080000000, 0x0000000086d20000, 0x00000000aaaa0000)
  eden space 89472K,   0% used [0x0000000080000000, 0x0000000080000000, 0x0000000085760000)
  from space 11136K,   0% used [0x0000000085760000, 0x0000000085760000, 0x0000000086240000)
  to   space 11136K,   0% used [0x0000000086240000, 0x0000000086240000, 0x0000000086d20000)
 tenured generation   total 222988K, used 218962K [0x00000000aaaa0000, 0x00000000b8463000, 0x0000000100000000)
   the space 222988K,  98% used [0x00000000aaaa0000, 0x00000000b8074a98, 0x00000000b8074c00, 0x00000000b8463000)
 Metaspace       used 120884K, committed 123392K, reserved 458752K
  class space    used 17162K, committed 18304K, reserved 327680K
}
Event: 89.016 GC heap before
{Heap before GC invocations=54 (full 6):
 def new generation   total 100608K, used 89472K [0x0000000080000000, 0x0000000086d20000, 0x00000000aaaa0000)
  eden space 89472K, 100% used [0x0000000080000000, 0x0000000085760000, 0x0000000085760000)
  from space 11136K,   0% used [0x0000000085760000, 0x0000000085760000, 0x0000000086240000)
  to   space 11136K,   0% used [0x0000000086240000, 0x0000000086240000, 0x0000000086d20000)
 tenured generation   total 222988K, used 218962K [0x00000000aaaa0000, 0x00000000b8463000, 0x0000000100000000)
   the space 222988K,  98% used [0x00000000aaaa0000, 0x00000000b8074a98, 0x00000000b8074c00, 0x00000000b8463000)
 Metaspace       used 120938K, committed 123392K, reserved 458752K
  class space    used 17167K, committed 18304K, reserved 327680K
}
Event: 89.036 GC heap after
{Heap after GC invocations=55 (full 6):
 def new generation   total 100608K, used 6756K [0x0000000080000000, 0x0000000086d20000, 0x00000000aaaa0000)
  eden space 89472K,   0% used [0x0000000080000000, 0x0000000080000000, 0x0000000085760000)
  from space 11136K,  60% used [0x0000000086240000, 0x00000000868d9160, 0x0000000086d20000)
  to   space 11136K,   0% used [0x0000000085760000, 0x0000000085760000, 0x0000000086240000)
 tenured generation   total 222988K, used 218962K [0x00000000aaaa0000, 0x00000000b8463000, 0x0000000100000000)
   the space 222988K,  98% used [0x00000000aaaa0000, 0x00000000b8074a98, 0x00000000b8074c00, 0x00000000b8463000)
 Metaspace       used 120938K, committed 123392K, reserved 458752K
  class space    used 17167K, committed 18304K, reserved 327680K
}
Event: 90.069 GC heap before
{Heap before GC invocations=55 (full 6):
 def new generation   total 100608K, used 96228K [0x0000000080000000, 0x0000000086d20000, 0x00000000aaaa0000)
  eden space 89472K, 100% used [0x0000000080000000, 0x0000000085760000, 0x0000000085760000)
  from space 11136K,  60% used [0x0000000086240000, 0x00000000868d9160, 0x0000000086d20000)
  to   space 11136K,   0% used [0x0000000085760000, 0x0000000085760000, 0x0000000086240000)
 tenured generation   total 222988K, used 218962K [0x00000000aaaa0000, 0x00000000b8463000, 0x0000000100000000)
   the space 222988K,  98% used [0x00000000aaaa0000, 0x00000000b8074a98, 0x00000000b8074c00, 0x00000000b8463000)
 Metaspace       used 121066K, committed 123520K, reserved 458752K
  class space    used 17181K, committed 18304K, reserved 327680K
}
Event: 90.099 GC heap after
{Heap after GC invocations=56 (full 6):
 def new generation   total 100608K, used 7913K [0x0000000080000000, 0x0000000086d20000, 0x00000000aaaa0000)
  eden space 89472K,   0% used [0x0000000080000000, 0x0000000080000000, 0x0000000085760000)
  from space 11136K,  71% used [0x0000000085760000, 0x0000000085f1a5d8, 0x0000000086240000)
  to   space 11136K,   0% used [0x0000000086240000, 0x0000000086240000, 0x0000000086d20000)
 tenured generation   total 222988K, used 222828K [0x00000000aaaa0000, 0x00000000b8463000, 0x0000000100000000)
   the space 222988K,  99% used [0x00000000aaaa0000, 0x00000000b843b1a0, 0x00000000b843b200, 0x00000000b8463000)
 Metaspace       used 121066K, committed 123520K, reserved 458752K
  class space    used 17181K, committed 18304K, reserved 327680K
}
Event: 90.869 GC heap before
{Heap before GC invocations=56 (full 6):
 def new generation   total 100608K, used 97385K [0x0000000080000000, 0x0000000086d20000, 0x00000000aaaa0000)
  eden space 89472K, 100% used [0x0000000080000000, 0x0000000085760000, 0x0000000085760000)
  from space 11136K,  71% used [0x0000000085760000, 0x0000000085f1a5d8, 0x0000000086240000)
  to   space 11136K,   0% used [0x0000000086240000, 0x0000000086240000, 0x0000000086d20000)
 tenured generation   total 222988K, used 222828K [0x00000000aaaa0000, 0x00000000b8463000, 0x0000000100000000)
   the space 222988K,  99% used [0x00000000aaaa0000, 0x00000000b843b1a0, 0x00000000b843b200, 0x00000000b8463000)
 Metaspace       used 121066K, committed 123520K, reserved 458752K
  class space    used 17181K, committed 18304K, reserved 327680K
}
Event: 90.891 GC heap after
{Heap after GC invocations=57 (full 6):
 def new generation   total 100608K, used 4750K [0x0000000080000000, 0x0000000086d20000, 0x00000000aaaa0000)
  eden space 89472K,   0% used [0x0000000080000000, 0x0000000080000000, 0x0000000085760000)
  from space 11136K,  42% used [0x0000000086240000, 0x00000000866e39d0, 0x0000000086d20000)
  to   space 11136K,   0% used [0x0000000085760000, 0x0000000085760000, 0x0000000086240000)
 tenured generation   total 228172K, used 228084K [0x00000000aaaa0000, 0x00000000b8973000, 0x0000000100000000)
   the space 228172K,  99% used [0x00000000aaaa0000, 0x00000000b895d348, 0x00000000b895d400, 0x00000000b8973000)
 Metaspace       used 121066K, committed 123520K, reserved 458752K
  class space    used 17181K, committed 18304K, reserved 327680K
}
Event: 90.891 GC heap before
{Heap before GC invocations=57 (full 6):
 def new generation   total 100608K, used 4750K [0x0000000080000000, 0x0000000086d20000, 0x00000000aaaa0000)
  eden space 89472K,   0% used [0x0000000080000000, 0x0000000080000000, 0x0000000085760000)
  from space 11136K,  42% used [0x0000000086240000, 0x00000000866e39d0, 0x0000000086d20000)
  to   space 11136K,   0% used [0x0000000085760000, 0x0000000085760000, 0x0000000086240000)
 tenured generation   total 228172K, used 228084K [0x00000000aaaa0000, 0x00000000b8973000, 0x0000000100000000)
   the space 228172K,  99% used [0x00000000aaaa0000, 0x00000000b895d348, 0x00000000b895d400, 0x00000000b8973000)
 Metaspace       used 121066K, committed 123520K, reserved 458752K
  class space    used 17181K, committed 18304K, reserved 327680K
}
Event: 95.433 GC heap after
{Heap after GC invocations=57 (full 7):
 def new generation   total 102976K, used 757K [0x0000000080000000, 0x0000000086fb0000, 0x00000000aaaa0000)
  eden space 91584K,   0% used [0x0000000080000000, 0x00000000800bd750, 0x0000000085970000)
  from space 11392K,   0% used [0x0000000085970000, 0x0000000085970000, 0x0000000086490000)
  to   space 11392K,   0% used [0x0000000086490000, 0x0000000086490000, 0x0000000086fb0000)
 tenured generation   total 228172K, used 228171K [0x00000000aaaa0000, 0x00000000b8973000, 0x0000000100000000)
   the space 228172K,  99% used [0x00000000aaaa0000, 0x00000000b8972ff8, 0x00000000b8973000, 0x00000000b8973000)
 Metaspace       used 121066K, committed 123520K, reserved 458752K
  class space    used 17181K, committed 18304K, reserved 327680K
}
Event: 96.502 GC heap before
{Heap before GC invocations=57 (full 7):
 def new generation   total 102976K, used 91584K [0x0000000080000000, 0x0000000086fb0000, 0x00000000aaaa0000)
  eden space 91584K, 100% used [0x0000000080000000, 0x0000000085970000, 0x0000000085970000)
  from space 11392K,   0% used [0x0000000085970000, 0x0000000085970000, 0x0000000086490000)
  to   space 11392K,   0% used [0x0000000086490000, 0x0000000086490000, 0x0000000086fb0000)
 tenured generation   total 228172K, used 228171K [0x00000000aaaa0000, 0x00000000b8973000, 0x0000000100000000)
   the space 228172K,  99% used [0x00000000aaaa0000, 0x00000000b8972ff8, 0x00000000b8973000, 0x00000000b8973000)
 Metaspace       used 121174K, committed 123712K, reserved 458752K
  class space    used 17195K, committed 18368K, reserved 327680K
}
Event: 96.655 GC heap after
{Heap after GC invocations=58 (full 7):
 def new generation   total 102976K, used 11391K [0x0000000080000000, 0x0000000086fb0000, 0x00000000aaaa0000)
  eden space 91584K,   0% used [0x0000000080000000, 0x0000000080000000, 0x0000000085970000)
  from space 11392K,  99% used [0x0000000086490000, 0x0000000086fafff8, 0x0000000086fb0000)
  to   space 11392K,   0% used [0x0000000085970000, 0x0000000085970000, 0x0000000086490000)
 tenured generation   total 230476K, used 230351K [0x00000000aaaa0000, 0x00000000b8bb3000, 0x0000000100000000)
   the space 230476K,  99% used [0x00000000aaaa0000, 0x00000000b8b93da0, 0x00000000b8b93e00, 0x00000000b8bb3000)
 Metaspace       used 121174K, committed 123712K, reserved 458752K
  class space    used 17195K, committed 18368K, reserved 327680K
}
Event: 96.655 GC heap before
{Heap before GC invocations=58 (full 7):
 def new generation   total 102976K, used 11391K [0x0000000080000000, 0x0000000086fb0000, 0x00000000aaaa0000)
  eden space 91584K,   0% used [0x0000000080000000, 0x0000000080000000, 0x0000000085970000)
  from space 11392K,  99% used [0x0000000086490000, 0x0000000086fafff8, 0x0000000086fb0000)
  to   space 11392K,   0% used [0x0000000085970000, 0x0000000085970000, 0x0000000086490000)
 tenured generation   total 230476K, used 230351K [0x00000000aaaa0000, 0x00000000b8bb3000, 0x0000000100000000)
   the space 230476K,  99% used [0x00000000aaaa0000, 0x00000000b8b93da0, 0x00000000b8b93e00, 0x00000000b8bb3000)
 Metaspace       used 121174K, committed 123712K, reserved 458752K
  class space    used 17195K, committed 18368K, reserved 327680K
}
Event: 101.558 GC heap after
{Heap after GC invocations=58 (full 8):
 def new generation   total 104000K, used 0K [0x0000000080000000, 0x00000000870d0000, 0x00000000aaaa0000)
  eden space 92480K,   0% used [0x0000000080000000, 0x0000000080000000, 0x0000000085a50000)
  from space 11520K,   0% used [0x0000000085a50000, 0x0000000085a50000, 0x0000000086590000)
  to   space 11520K,   0% used [0x0000000086590000, 0x0000000086590000, 0x00000000870d0000)
 tenured generation   total 230476K, used 226702K [0x00000000aaaa0000, 0x00000000b8bb3000, 0x0000000100000000)
   the space 230476K,  98% used [0x00000000aaaa0000, 0x00000000b8803b08, 0x00000000b8803c00, 0x00000000b8bb3000)
 Metaspace       used 121174K, committed 123712K, reserved 458752K
  class space    used 17195K, committed 18368K, reserved 327680K
}
Event: 102.709 GC heap before
{Heap before GC invocations=58 (full 8):
 def new generation   total 104000K, used 92480K [0x0000000080000000, 0x00000000870d0000, 0x00000000aaaa0000)
  eden space 92480K, 100% used [0x0000000080000000, 0x0000000085a50000, 0x0000000085a50000)
  from space 11520K,   0% used [0x0000000085a50000, 0x0000000085a50000, 0x0000000086590000)
  to   space 11520K,   0% used [0x0000000086590000, 0x0000000086590000, 0x00000000870d0000)
 tenured generation   total 230476K, used 226702K [0x00000000aaaa0000, 0x00000000b8bb3000, 0x0000000100000000)
   the space 230476K,  98% used [0x00000000aaaa0000, 0x00000000b8803b08, 0x00000000b8803c00, 0x00000000b8bb3000)
 Metaspace       used 121384K, committed 123840K, reserved 458752K
  class space    used 17217K, committed 18368K, reserved 327680K
}
Event: 102.739 GC heap after
{Heap after GC invocations=59 (full 8):
 def new generation   total 104000K, used 9237K [0x0000000080000000, 0x00000000870d0000, 0x00000000aaaa0000)
  eden space 92480K,   0% used [0x0000000080000000, 0x0000000080000000, 0x0000000085a50000)
  from space 11520K,  80% used [0x0000000086590000, 0x0000000086e957a0, 0x00000000870d0000)
  to   space 11520K,   0% used [0x0000000085a50000, 0x0000000085a50000, 0x0000000086590000)
 tenured generation   total 230476K, used 226702K [0x00000000aaaa0000, 0x00000000b8bb3000, 0x0000000100000000)
   the space 230476K,  98% used [0x00000000aaaa0000, 0x00000000b8803b08, 0x00000000b8803c00, 0x00000000b8bb3000)
 Metaspace       used 121384K, committed 123840K, reserved 458752K
  class space    used 17217K, committed 18368K, reserved 327680K
}
Event: 103.783 GC heap before
{Heap before GC invocations=59 (full 8):
 def new generation   total 104000K, used 101717K [0x0000000080000000, 0x00000000870d0000, 0x00000000aaaa0000)
  eden space 92480K, 100% used [0x0000000080000000, 0x0000000085a50000, 0x0000000085a50000)
  from space 11520K,  80% used [0x0000000086590000, 0x0000000086e957a0, 0x00000000870d0000)
  to   space 11520K,   0% used [0x0000000085a50000, 0x0000000085a50000, 0x0000000086590000)
 tenured generation   total 230476K, used 226702K [0x00000000aaaa0000, 0x00000000b8bb3000, 0x0000000100000000)
   the space 230476K,  98% used [0x00000000aaaa0000, 0x00000000b8803b08, 0x00000000b8803c00, 0x00000000b8bb3000)
 Metaspace       used 121581K, committed 124032K, reserved 458752K
  class space    used 17241K, committed 18368K, reserved 327680K
}
Event: 103.821 GC heap after
{Heap after GC invocations=60 (full 8):
 def new generation   total 104000K, used 8443K [0x0000000080000000, 0x00000000870d0000, 0x00000000aaaa0000)
  eden space 92480K,   0% used [0x0000000080000000, 0x0000000080000000, 0x0000000085a50000)
  from space 11520K,  73% used [0x0000000085a50000, 0x000000008628ec88, 0x0000000086590000)
  to   space 11520K,   0% used [0x0000000086590000, 0x0000000086590000, 0x00000000870d0000)
 tenured generation   total 233164K, used 233039K [0x00000000aaaa0000, 0x00000000b8e53000, 0x0000000100000000)
   the space 233164K,  99% used [0x00000000aaaa0000, 0x00000000b8e33d68, 0x00000000b8e33e00, 0x00000000b8e53000)
 Metaspace       used 121581K, committed 124032K, reserved 458752K
  class space    used 17241K, committed 18368K, reserved 327680K
}
Event: 103.821 GC heap before
{Heap before GC invocations=60 (full 8):
 def new generation   total 104000K, used 8443K [0x0000000080000000, 0x00000000870d0000, 0x00000000aaaa0000)
  eden space 92480K,   0% used [0x0000000080000000, 0x0000000080000000, 0x0000000085a50000)
  from space 11520K,  73% used [0x0000000085a50000, 0x000000008628ec88, 0x0000000086590000)
  to   space 11520K,   0% used [0x0000000086590000, 0x0000000086590000, 0x00000000870d0000)
 tenured generation   total 233164K, used 233039K [0x00000000aaaa0000, 0x00000000b8e53000, 0x0000000100000000)
   the space 233164K,  99% used [0x00000000aaaa0000, 0x00000000b8e33d68, 0x00000000b8e33e00, 0x00000000b8e53000)
 Metaspace       used 121581K, committed 124032K, reserved 458752K
  class space    used 17241K, committed 18368K, reserved 327680K
}
Event: 108.358 GC heap after
{Heap after GC invocations=60 (full 9):
 def new generation   total 105216K, used 8319K [0x0000000080000000, 0x0000000087220000, 0x00000000aaaa0000)
  eden space 93568K,   8% used [0x0000000080000000, 0x000000008081ff68, 0x0000000085b60000)
  from space 11648K,   0% used [0x0000000085b60000, 0x0000000085b60000, 0x00000000866c0000)
  to   space 11648K,   0% used [0x00000000866c0000, 0x00000000866c0000, 0x0000000087220000)
 tenured generation   total 233164K, used 233162K [0x00000000aaaa0000, 0x00000000b8e53000, 0x0000000100000000)
   the space 233164K,  99% used [0x00000000aaaa0000, 0x00000000b8e52a28, 0x00000000b8e52c00, 0x00000000b8e53000)
 Metaspace       used 121581K, committed 124032K, reserved 458752K
  class space    used 17241K, committed 18368K, reserved 327680K
}

