# JRE version: OpenJDK Runtime Environment (21.0.8) (build 21.0.8+-14196175-b1038.72)
# Java VM: OpenJDK 64-Bit Server VM (21.0.8+-14196175-b1038.72, mixed mode, tiered, compressed oops, compressed class ptrs, serial gc, windows-amd64)
GC Precious Log:
 CardTable entry size: 512
 CPUs: 8 total, 8 available
 Memory: 7930M
 Large Page Support: Disabled
 NUMA Support: Disabled
 Compressed Oops: Enabled (32-bit)
 Heap Min Capacity: 8M
 Heap Initial Capacity: 124M
 Heap Max Capacity: 1536M
 Pre-touch: Disabled
Heap:
 def new generation   total 59776K, used 21371K [0x00000000a0000000, 0x00000000a40d0000, 0x00000000c0000000)
  eden space 53184K,  33% used [0x00000000a0000000, 0x00000000a1174490, 0x00000000a33f0000)
  from space 6592K,  53% used [0x00000000a3a60000, 0x00000000a3dca9d0, 0x00000000a40d0000)
  to   space 6592K,   0% used [0x00000000a33f0000, 0x00000000a33f0000, 0x00000000a3a60000)
 tenured generation   total 132336K, used 109610K [0x00000000c0000000, 0x00000000c813c000, 0x0000000100000000)
   the space 132336K,  82% used [0x00000000c0000000, 0x00000000c6b0a918, 0x00000000c6b0aa00, 0x00000000c813c000)
 Metaspace       used 118761K, committed 120832K, reserved 344064K
  class space    used 16827K, committed 17856K, reserved 212992K
GC Heap History (20 events):
Event: 49.736 GC heap before
{Heap before GC invocations=31 (full 3):
 def new generation   total 38272K, used 4223K [0x00000000a0000000, 0x00000000a2980000, 0x00000000c0000000)
  eden space 34048K,   0% used [0x00000000a0000000, 0x00000000a0000000, 0x00000000a2140000)
  from space 4224K,  99% used [0x00000000a2560000, 0x00000000a297fff8, 0x00000000a2980000)
  to   space 4224K,   0% used [0x00000000a2140000, 0x00000000a2140000, 0x00000000a2560000)
 tenured generation   total 85824K, used 85676K [0x00000000c0000000, 0x00000000c53d0000, 0x0000000100000000)
   the space 85824K,  99% used [0x00000000c0000000, 0x00000000c53ab360, 0x00000000c53ab400, 0x00000000c53d0000)
 Metaspace       used 86389K, committed 88192K, reserved 344064K
  class space    used 12306K, committed 13184K, reserved 212992K
}
Event: 50.544 GC heap after
{Heap after GC invocations=31 (full 4):
 def new generation   total 59776K, used 0K [0x00000000a0000000, 0x00000000a40d0000, 0x00000000c0000000)
  eden space 53184K,   0% used [0x00000000a0000000, 0x00000000a0000000, 0x00000000a33f0000)
  from space 6592K,   0% used [0x00000000a33f0000, 0x00000000a33f0000, 0x00000000a3a60000)
  to   space 6592K,   0% used [0x00000000a3a60000, 0x00000000a3a60000, 0x00000000a40d0000)
 tenured generation   total 132336K, used 79401K [0x00000000c0000000, 0x00000000c813c000, 0x0000000100000000)
   the space 132336K,  59% used [0x00000000c0000000, 0x00000000c4d8a630, 0x00000000c4d8a800, 0x00000000c813c000)
 Metaspace       used 86389K, committed 88192K, reserved 344064K
  class space    used 12306K, committed 13184K, reserved 212992K
}
Event: 52.411 GC heap before
{Heap before GC invocations=31 (full 4):
 def new generation   total 59776K, used 53184K [0x00000000a0000000, 0x00000000a40d0000, 0x00000000c0000000)
  eden space 53184K, 100% used [0x00000000a0000000, 0x00000000a33f0000, 0x00000000a33f0000)
  from space 6592K,   0% used [0x00000000a33f0000, 0x00000000a33f0000, 0x00000000a3a60000)
  to   space 6592K,   0% used [0x00000000a3a60000, 0x00000000a3a60000, 0x00000000a40d0000)
 tenured generation   total 132336K, used 79401K [0x00000000c0000000, 0x00000000c813c000, 0x0000000100000000)
   the space 132336K,  59% used [0x00000000c0000000, 0x00000000c4d8a630, 0x00000000c4d8a800, 0x00000000c813c000)
 Metaspace       used 89648K, committed 91456K, reserved 344064K
  class space    used 12832K, committed 13696K, reserved 212992K
}
Event: 52.436 GC heap after
{Heap after GC invocations=32 (full 4):
 def new generation   total 59776K, used 4596K [0x00000000a0000000, 0x00000000a40d0000, 0x00000000c0000000)
  eden space 53184K,   0% used [0x00000000a0000000, 0x00000000a0000000, 0x00000000a33f0000)
  from space 6592K,  69% used [0x00000000a3a60000, 0x00000000a3edd298, 0x00000000a40d0000)
  to   space 6592K,   0% used [0x00000000a33f0000, 0x00000000a33f0000, 0x00000000a3a60000)
 tenured generation   total 132336K, used 79401K [0x00000000c0000000, 0x00000000c813c000, 0x0000000100000000)
   the space 132336K,  59% used [0x00000000c0000000, 0x00000000c4d8a630, 0x00000000c4d8a800, 0x00000000c813c000)
 Metaspace       used 89648K, committed 91456K, reserved 344064K
  class space    used 12832K, committed 13696K, reserved 212992K
}
Event: 58.781 GC heap before
{Heap before GC invocations=32 (full 4):
 def new generation   total 59776K, used 57780K [0x00000000a0000000, 0x00000000a40d0000, 0x00000000c0000000)
  eden space 53184K, 100% used [0x00000000a0000000, 0x00000000a33f0000, 0x00000000a33f0000)
  from space 6592K,  69% used [0x00000000a3a60000, 0x00000000a3edd298, 0x00000000a40d0000)
  to   space 6592K,   0% used [0x00000000a33f0000, 0x00000000a33f0000, 0x00000000a3a60000)
 tenured generation   total 132336K, used 79401K [0x00000000c0000000, 0x00000000c813c000, 0x0000000100000000)
   the space 132336K,  59% used [0x00000000c0000000, 0x00000000c4d8a630, 0x00000000c4d8a800, 0x00000000c813c000)
 Metaspace       used 93584K, committed 95552K, reserved 344064K
  class space    used 13303K, committed 14272K, reserved 212992K
}
Event: 58.810 GC heap after
{Heap after GC invocations=33 (full 4):
 def new generation   total 59776K, used 6252K [0x00000000a0000000, 0x00000000a40d0000, 0x00000000c0000000)
  eden space 53184K,   0% used [0x00000000a0000000, 0x00000000a0000000, 0x00000000a33f0000)
  from space 6592K,  94% used [0x00000000a33f0000, 0x00000000a3a0b368, 0x00000000a3a60000)
  to   space 6592K,   0% used [0x00000000a3a60000, 0x00000000a3a60000, 0x00000000a40d0000)
 tenured generation   total 132336K, used 83848K [0x00000000c0000000, 0x00000000c813c000, 0x0000000100000000)
   the space 132336K,  63% used [0x00000000c0000000, 0x00000000c51e2258, 0x00000000c51e2400, 0x00000000c813c000)
 Metaspace       used 93584K, committed 95552K, reserved 344064K
  class space    used 13303K, committed 14272K, reserved 212992K
}
Event: 60.186 GC heap before
{Heap before GC invocations=33 (full 4):
 def new generation   total 59776K, used 59436K [0x00000000a0000000, 0x00000000a40d0000, 0x00000000c0000000)
  eden space 53184K, 100% used [0x00000000a0000000, 0x00000000a33f0000, 0x00000000a33f0000)
  from space 6592K,  94% used [0x00000000a33f0000, 0x00000000a3a0b368, 0x00000000a3a60000)
  to   space 6592K,   0% used [0x00000000a3a60000, 0x00000000a3a60000, 0x00000000a40d0000)
 tenured generation   total 132336K, used 83848K [0x00000000c0000000, 0x00000000c813c000, 0x0000000100000000)
   the space 132336K,  63% used [0x00000000c0000000, 0x00000000c51e2258, 0x00000000c51e2400, 0x00000000c813c000)
 Metaspace       used 98383K, committed 100288K, reserved 344064K
  class space    used 13843K, committed 14784K, reserved 212992K
}
Event: 60.207 GC heap after
{Heap after GC invocations=34 (full 4):
 def new generation   total 59776K, used 3391K [0x00000000a0000000, 0x00000000a40d0000, 0x00000000c0000000)
  eden space 53184K,   0% used [0x00000000a0000000, 0x00000000a0000000, 0x00000000a33f0000)
  from space 6592K,  51% used [0x00000000a3a60000, 0x00000000a3dafe70, 0x00000000a40d0000)
  to   space 6592K,   0% used [0x00000000a33f0000, 0x00000000a33f0000, 0x00000000a3a60000)
 tenured generation   total 132336K, used 89881K [0x00000000c0000000, 0x00000000c813c000, 0x0000000100000000)
   the space 132336K,  67% used [0x00000000c0000000, 0x00000000c57c6428, 0x00000000c57c6600, 0x00000000c813c000)
 Metaspace       used 98383K, committed 100288K, reserved 344064K
  class space    used 13843K, committed 14784K, reserved 212992K
}
Event: 61.081 GC heap before
{Heap before GC invocations=34 (full 4):
 def new generation   total 59776K, used 56575K [0x00000000a0000000, 0x00000000a40d0000, 0x00000000c0000000)
  eden space 53184K, 100% used [0x00000000a0000000, 0x00000000a33f0000, 0x00000000a33f0000)
  from space 6592K,  51% used [0x00000000a3a60000, 0x00000000a3dafe70, 0x00000000a40d0000)
  to   space 6592K,   0% used [0x00000000a33f0000, 0x00000000a33f0000, 0x00000000a3a60000)
 tenured generation   total 132336K, used 89881K [0x00000000c0000000, 0x00000000c813c000, 0x0000000100000000)
   the space 132336K,  67% used [0x00000000c0000000, 0x00000000c57c6428, 0x00000000c57c6600, 0x00000000c813c000)
 Metaspace       used 102083K, committed 104064K, reserved 344064K
  class space    used 14329K, committed 15296K, reserved 212992K
}
Event: 61.101 GC heap after
{Heap after GC invocations=35 (full 4):
 def new generation   total 59776K, used 5677K [0x00000000a0000000, 0x00000000a40d0000, 0x00000000c0000000)
  eden space 53184K,   0% used [0x00000000a0000000, 0x00000000a0000000, 0x00000000a33f0000)
  from space 6592K,  86% used [0x00000000a33f0000, 0x00000000a397b720, 0x00000000a3a60000)
  to   space 6592K,   0% used [0x00000000a3a60000, 0x00000000a3a60000, 0x00000000a40d0000)
 tenured generation   total 132336K, used 92625K [0x00000000c0000000, 0x00000000c813c000, 0x0000000100000000)
   the space 132336K,  69% used [0x00000000c0000000, 0x00000000c5a74450, 0x00000000c5a74600, 0x00000000c813c000)
 Metaspace       used 102083K, committed 104064K, reserved 344064K
  class space    used 14329K, committed 15296K, reserved 212992K
}
Event: 62.363 GC heap before
{Heap before GC invocations=35 (full 4):
 def new generation   total 59776K, used 58861K [0x00000000a0000000, 0x00000000a40d0000, 0x00000000c0000000)
  eden space 53184K, 100% used [0x00000000a0000000, 0x00000000a33f0000, 0x00000000a33f0000)
  from space 6592K,  86% used [0x00000000a33f0000, 0x00000000a397b720, 0x00000000a3a60000)
  to   space 6592K,   0% used [0x00000000a3a60000, 0x00000000a3a60000, 0x00000000a40d0000)
 tenured generation   total 132336K, used 92625K [0x00000000c0000000, 0x00000000c813c000, 0x0000000100000000)
   the space 132336K,  69% used [0x00000000c0000000, 0x00000000c5a74450, 0x00000000c5a74600, 0x00000000c813c000)
 Metaspace       used 106373K, committed 108288K, reserved 344064K
  class space    used 14912K, committed 15872K, reserved 212992K
}
Event: 62.383 GC heap after
{Heap after GC invocations=36 (full 4):
 def new generation   total 59776K, used 1851K [0x00000000a0000000, 0x00000000a40d0000, 0x00000000c0000000)
  eden space 53184K,   0% used [0x00000000a0000000, 0x00000000a0000000, 0x00000000a33f0000)
  from space 6592K,  28% used [0x00000000a3a60000, 0x00000000a3c2ef20, 0x00000000a40d0000)
  to   space 6592K,   0% used [0x00000000a33f0000, 0x00000000a33f0000, 0x00000000a3a60000)
 tenured generation   total 132336K, used 98081K [0x00000000c0000000, 0x00000000c813c000, 0x0000000100000000)
   the space 132336K,  74% used [0x00000000c0000000, 0x00000000c5fc8620, 0x00000000c5fc8800, 0x00000000c813c000)
 Metaspace       used 106373K, committed 108288K, reserved 344064K
  class space    used 14912K, committed 15872K, reserved 212992K
}
Event: 71.132 GC heap before
{Heap before GC invocations=36 (full 4):
 def new generation   total 59776K, used 55035K [0x00000000a0000000, 0x00000000a40d0000, 0x00000000c0000000)
  eden space 53184K, 100% used [0x00000000a0000000, 0x00000000a33f0000, 0x00000000a33f0000)
  from space 6592K,  28% used [0x00000000a3a60000, 0x00000000a3c2ef20, 0x00000000a40d0000)
  to   space 6592K,   0% used [0x00000000a33f0000, 0x00000000a33f0000, 0x00000000a3a60000)
 tenured generation   total 132336K, used 98081K [0x00000000c0000000, 0x00000000c813c000, 0x0000000100000000)
   the space 132336K,  74% used [0x00000000c0000000, 0x00000000c5fc8620, 0x00000000c5fc8800, 0x00000000c813c000)
 Metaspace       used 108993K, committed 110976K, reserved 344064K
  class space    used 15298K, committed 16256K, reserved 212992K
}
Event: 71.161 GC heap after
{Heap after GC invocations=37 (full 4):
 def new generation   total 59776K, used 6592K [0x00000000a0000000, 0x00000000a40d0000, 0x00000000c0000000)
  eden space 53184K,   0% used [0x00000000a0000000, 0x00000000a0000000, 0x00000000a33f0000)
  from space 6592K, 100% used [0x00000000a33f0000, 0x00000000a3a60000, 0x00000000a3a60000)
  to   space 6592K,   0% used [0x00000000a3a60000, 0x00000000a3a60000, 0x00000000a40d0000)
 tenured generation   total 132336K, used 99003K [0x00000000c0000000, 0x00000000c813c000, 0x0000000100000000)
   the space 132336K,  74% used [0x00000000c0000000, 0x00000000c60aec28, 0x00000000c60aee00, 0x00000000c813c000)
 Metaspace       used 108993K, committed 110976K, reserved 344064K
  class space    used 15298K, committed 16256K, reserved 212992K
}
Event: 72.581 GC heap before
{Heap before GC invocations=37 (full 4):
 def new generation   total 59776K, used 59776K [0x00000000a0000000, 0x00000000a40d0000, 0x00000000c0000000)
  eden space 53184K, 100% used [0x00000000a0000000, 0x00000000a33f0000, 0x00000000a33f0000)
  from space 6592K, 100% used [0x00000000a33f0000, 0x00000000a3a60000, 0x00000000a3a60000)
  to   space 6592K,   0% used [0x00000000a3a60000, 0x00000000a3a60000, 0x00000000a40d0000)
 tenured generation   total 132336K, used 99003K [0x00000000c0000000, 0x00000000c813c000, 0x0000000100000000)
   the space 132336K,  74% used [0x00000000c0000000, 0x00000000c60aec28, 0x00000000c60aee00, 0x00000000c813c000)
 Metaspace       used 109967K, committed 112064K, reserved 344064K
  class space    used 15424K, committed 16448K, reserved 212992K
}
Event: 72.617 GC heap after
{Heap after GC invocations=38 (full 4):
 def new generation   total 59776K, used 4042K [0x00000000a0000000, 0x00000000a40d0000, 0x00000000c0000000)
  eden space 53184K,   0% used [0x00000000a0000000, 0x00000000a0000000, 0x00000000a33f0000)
  from space 6592K,  61% used [0x00000000a3a60000, 0x00000000a3e529e0, 0x00000000a40d0000)
  to   space 6592K,   0% used [0x00000000a33f0000, 0x00000000a33f0000, 0x00000000a3a60000)
 tenured generation   total 132336K, used 105574K [0x00000000c0000000, 0x00000000c813c000, 0x0000000100000000)
   the space 132336K,  79% used [0x00000000c0000000, 0x00000000c6719ae8, 0x00000000c6719c00, 0x00000000c813c000)
 Metaspace       used 109967K, committed 112064K, reserved 344064K
  class space    used 15424K, committed 16448K, reserved 212992K
}
Event: 73.297 GC heap before
{Heap before GC invocations=38 (full 4):
 def new generation   total 59776K, used 57226K [0x00000000a0000000, 0x00000000a40d0000, 0x00000000c0000000)
  eden space 53184K, 100% used [0x00000000a0000000, 0x00000000a33f0000, 0x00000000a33f0000)
  from space 6592K,  61% used [0x00000000a3a60000, 0x00000000a3e529e0, 0x00000000a40d0000)
  to   space 6592K,   0% used [0x00000000a33f0000, 0x00000000a33f0000, 0x00000000a3a60000)
 tenured generation   total 132336K, used 105574K [0x00000000c0000000, 0x00000000c813c000, 0x0000000100000000)
   the space 132336K,  79% used [0x00000000c0000000, 0x00000000c6719ae8, 0x00000000c6719c00, 0x00000000c813c000)
 Metaspace       used 113917K, committed 115968K, reserved 344064K
  class space    used 16045K, committed 17088K, reserved 212992K
}
Event: 73.309 GC heap after
{Heap after GC invocations=39 (full 4):
 def new generation   total 59776K, used 1609K [0x00000000a0000000, 0x00000000a40d0000, 0x00000000c0000000)
  eden space 53184K,   0% used [0x00000000a0000000, 0x00000000a0000000, 0x00000000a33f0000)
  from space 6592K,  24% used [0x00000000a33f0000, 0x00000000a35825f8, 0x00000000a3a60000)
  to   space 6592K,   0% used [0x00000000a3a60000, 0x00000000a3a60000, 0x00000000a40d0000)
 tenured generation   total 132336K, used 109610K [0x00000000c0000000, 0x00000000c813c000, 0x0000000100000000)
   the space 132336K,  82% used [0x00000000c0000000, 0x00000000c6b0a918, 0x00000000c6b0aa00, 0x00000000c813c000)
 Metaspace       used 113917K, committed 115968K, reserved 344064K
  class space    used 16045K, committed 17088K, reserved 212992K
}
Event: 75.365 GC heap before
{Heap before GC invocations=39 (full 4):
 def new generation   total 59776K, used 54793K [0x00000000a0000000, 0x00000000a40d0000, 0x00000000c0000000)
  eden space 53184K, 100% used [0x00000000a0000000, 0x00000000a33f0000, 0x00000000a33f0000)
  from space 6592K,  24% used [0x00000000a33f0000, 0x00000000a35825f8, 0x00000000a3a60000)
  to   space 6592K,   0% used [0x00000000a3a60000, 0x00000000a3a60000, 0x00000000a40d0000)
 tenured generation   total 132336K, used 109610K [0x00000000c0000000, 0x00000000c813c000, 0x0000000100000000)
   the space 132336K,  82% used [0x00000000c0000000, 0x00000000c6b0a918, 0x00000000c6b0aa00, 0x00000000c813c000)
 Metaspace       used 117946K, committed 120000K, reserved 344064K
  class space    used 16732K, committed 17728K, reserved 212992K
}
Event: 75.377 GC heap after
{Heap after GC invocations=40 (full 4):
 def new generation   total 59776K, used 3498K [0x00000000a0000000, 0x00000000a40d0000, 0x00000000c0000000)
  eden space 53184K,   0% used [0x00000000a0000000, 0x00000000a0000000, 0x00000000a33f0000)
  from space 6592K,  53% used [0x00000000a3a60000, 0x00000000a3dca9d0, 0x00000000a40d0000)
  to   space 6592K,   0% used [0x00000000a33f0000, 0x00000000a33f0000, 0x00000000a3a60000)
 tenured generation   total 132336K, used 109610K [0x00000000c0000000, 0x00000000c813c000, 0x0000000100000000)
   the space 132336K,  82% used [0x00000000c0000000, 0x00000000c6b0a918, 0x00000000c6b0aa00, 0x00000000c813c000)
 Metaspace       used 117946K, committed 120000K, reserved 344064K
  class space    used 16732K, committed 17728K, reserved 212992K
}

