# JRE version: OpenJDK Runtime Environment (21.0.8) (build 21.0.8+-14196175-b1038.72)
# Java VM: OpenJDK 64-Bit Server VM (21.0.8+-14196175-b1038.72, mixed mode, tiered, compressed oops, compressed class ptrs, serial gc, windows-amd64)
GC Precious Log:
 CardTable entry size: 512
 CPUs: 8 total, 8 available
 Memory: 7930M
 Large Page Support: Disabled
 NUMA Support: Disabled
 Compressed Oops: Enabled (32-bit)
 Heap Min Capacity: 8M
 Heap Initial Capacity: 124M
 Heap Max Capacity: 1536M
 Pre-touch: Disabled
Heap:
 def new generation   total 417920K, used 331888K [0x00000000a0000000, 0x00000000bc570000, 0x00000000c0000000)
  eden space 371520K,  77% used [0x00000000a0000000, 0x00000000b197d7e0, 0x00000000b6ad0000)
  from space 46400K,  94% used [0x00000000b9820000, 0x00000000bc2be878, 0x00000000bc570000)
  to   space 46400K,   0% used [0x00000000b6ad0000, 0x00000000b6ad0000, 0x00000000b9820000)
 tenured generation   total 928112K, used 556867K [0x00000000c0000000, 0x00000000f8a5c000, 0x0000000100000000)
   the space 928112K,  59% used [0x00000000c0000000, 0x00000000e1fd0c38, 0x00000000e1fd0e00, 0x00000000f8a5c000)
 Metaspace       used 165275K, committed 168192K, reserved 409600K
  class space    used 22535K, committed 23872K, reserved 212992K
GC Heap History (20 events):
Event: 235.672 GC heap before
{Heap before GC invocations=71 (full 7):
 def new generation   total 247104K, used 219648K [0x00000000a0000000, 0x00000000b0c20000, 0x00000000c0000000)
  eden space 219648K, 100% used [0x00000000a0000000, 0x00000000ad680000, 0x00000000ad680000)
  from space 27456K,   0% used [0x00000000ad680000, 0x00000000ad680000, 0x00000000af150000)
  to   space 27456K,   0% used [0x00000000af150000, 0x00000000af150000, 0x00000000b0c20000)
 tenured generation   total 548456K, used 329072K [0x00000000c0000000, 0x00000000e179a000, 0x0000000100000000)
   the space 548456K,  59% used [0x00000000c0000000, 0x00000000d415c320, 0x00000000d415c400, 0x00000000e179a000)
 Metaspace       used 150280K, committed 153152K, reserved 409600K
  class space    used 20479K, committed 21760K, reserved 212992K
}
Event: 235.678 GC heap after
{Heap after GC invocations=72 (full 7):
 def new generation   total 247104K, used 2K [0x00000000a0000000, 0x00000000b0c20000, 0x00000000c0000000)
  eden space 219648K,   0% used [0x00000000a0000000, 0x00000000a0000000, 0x00000000ad680000)
  from space 27456K,   0% used [0x00000000af150000, 0x00000000af150aa0, 0x00000000b0c20000)
  to   space 27456K,   0% used [0x00000000ad680000, 0x00000000ad680000, 0x00000000af150000)
 tenured generation   total 548456K, used 329072K [0x00000000c0000000, 0x00000000e179a000, 0x0000000100000000)
   the space 548456K,  59% used [0x00000000c0000000, 0x00000000d415c320, 0x00000000d415c400, 0x00000000e179a000)
 Metaspace       used 150280K, committed 153152K, reserved 409600K
  class space    used 20479K, committed 21760K, reserved 212992K
}
Event: 242.669 GC heap before
{Heap before GC invocations=72 (full 7):
 def new generation   total 247104K, used 219650K [0x00000000a0000000, 0x00000000b0c20000, 0x00000000c0000000)
  eden space 219648K, 100% used [0x00000000a0000000, 0x00000000ad680000, 0x00000000ad680000)
  from space 27456K,   0% used [0x00000000af150000, 0x00000000af150aa0, 0x00000000b0c20000)
  to   space 27456K,   0% used [0x00000000ad680000, 0x00000000ad680000, 0x00000000af150000)
 tenured generation   total 548456K, used 329072K [0x00000000c0000000, 0x00000000e179a000, 0x0000000100000000)
   the space 548456K,  59% used [0x00000000c0000000, 0x00000000d415c320, 0x00000000d415c400, 0x00000000e179a000)
 Metaspace       used 151285K, committed 154112K, reserved 409600K
  class space    used 20610K, committed 21888K, reserved 212992K
}
Event: 242.747 GC heap after
{Heap after GC invocations=73 (full 7):
 def new generation   total 247104K, used 17604K [0x00000000a0000000, 0x00000000b0c20000, 0x00000000c0000000)
  eden space 219648K,   0% used [0x00000000a0000000, 0x00000000a0000000, 0x00000000ad680000)
  from space 27456K,  64% used [0x00000000ad680000, 0x00000000ae7b10d8, 0x00000000af150000)
  to   space 27456K,   0% used [0x00000000af150000, 0x00000000af150000, 0x00000000b0c20000)
 tenured generation   total 548456K, used 329072K [0x00000000c0000000, 0x00000000e179a000, 0x0000000100000000)
   the space 548456K,  59% used [0x00000000c0000000, 0x00000000d415c320, 0x00000000d415c400, 0x00000000e179a000)
 Metaspace       used 151285K, committed 154112K, reserved 409600K
  class space    used 20610K, committed 21888K, reserved 212992K
}
Event: 248.790 GC heap before
{Heap before GC invocations=73 (full 7):
 def new generation   total 247104K, used 237252K [0x00000000a0000000, 0x00000000b0c20000, 0x00000000c0000000)
  eden space 219648K, 100% used [0x00000000a0000000, 0x00000000ad680000, 0x00000000ad680000)
  from space 27456K,  64% used [0x00000000ad680000, 0x00000000ae7b10d8, 0x00000000af150000)
  to   space 27456K,   0% used [0x00000000af150000, 0x00000000af150000, 0x00000000b0c20000)
 tenured generation   total 548456K, used 329072K [0x00000000c0000000, 0x00000000e179a000, 0x0000000100000000)
   the space 548456K,  59% used [0x00000000c0000000, 0x00000000d415c320, 0x00000000d415c400, 0x00000000e179a000)
 Metaspace       used 152757K, committed 155520K, reserved 409600K
  class space    used 20823K, committed 22080K, reserved 212992K
}
Event: 248.865 GC heap after
{Heap after GC invocations=74 (full 7):
 def new generation   total 247104K, used 27456K [0x00000000a0000000, 0x00000000b0c20000, 0x00000000c0000000)
  eden space 219648K,   0% used [0x00000000a0000000, 0x00000000a0000000, 0x00000000ad680000)
  from space 27456K, 100% used [0x00000000af150000, 0x00000000b0c20000, 0x00000000b0c20000)
  to   space 27456K,   0% used [0x00000000ad680000, 0x00000000ad680000, 0x00000000af150000)
 tenured generation   total 548456K, used 331491K [0x00000000c0000000, 0x00000000e179a000, 0x0000000100000000)
   the space 548456K,  60% used [0x00000000c0000000, 0x00000000d43b8dc0, 0x00000000d43b8e00, 0x00000000e179a000)
 Metaspace       used 152757K, committed 155520K, reserved 409600K
  class space    used 20823K, committed 22080K, reserved 212992K
}
Event: 252.203 GC heap before
{Heap before GC invocations=74 (full 7):
 def new generation   total 247104K, used 247104K [0x00000000a0000000, 0x00000000b0c20000, 0x00000000c0000000)
  eden space 219648K, 100% used [0x00000000a0000000, 0x00000000ad680000, 0x00000000ad680000)
  from space 27456K, 100% used [0x00000000af150000, 0x00000000b0c20000, 0x00000000b0c20000)
  to   space 27456K,   0% used [0x00000000ad680000, 0x00000000ad680000, 0x00000000af150000)
 tenured generation   total 548456K, used 331491K [0x00000000c0000000, 0x00000000e179a000, 0x0000000100000000)
   the space 548456K,  60% used [0x00000000c0000000, 0x00000000d43b8dc0, 0x00000000d43b8e00, 0x00000000e179a000)
 Metaspace       used 157862K, committed 160640K, reserved 409600K
  class space    used 21538K, committed 22784K, reserved 212992K
}
Event: 252.345 GC heap after
{Heap after GC invocations=75 (full 7):
 def new generation   total 247104K, used 27455K [0x00000000a0000000, 0x00000000b0c20000, 0x00000000c0000000)
  eden space 219648K,   0% used [0x00000000a0000000, 0x00000000a0000000, 0x00000000ad680000)
  from space 27456K,  99% used [0x00000000ad680000, 0x00000000af14fff8, 0x00000000af150000)
  to   space 27456K,   0% used [0x00000000af150000, 0x00000000af150000, 0x00000000b0c20000)
 tenured generation   total 548456K, used 384394K [0x00000000c0000000, 0x00000000e179a000, 0x0000000100000000)
   the space 548456K,  70% used [0x00000000c0000000, 0x00000000d7762be0, 0x00000000d7762c00, 0x00000000e179a000)
 Metaspace       used 157862K, committed 160640K, reserved 409600K
  class space    used 21538K, committed 22784K, reserved 212992K
}
Event: 252.756 GC heap before
{Heap before GC invocations=75 (full 7):
 def new generation   total 247104K, used 247103K [0x00000000a0000000, 0x00000000b0c20000, 0x00000000c0000000)
  eden space 219648K, 100% used [0x00000000a0000000, 0x00000000ad680000, 0x00000000ad680000)
  from space 27456K,  99% used [0x00000000ad680000, 0x00000000af14fff8, 0x00000000af150000)
  to   space 27456K,   0% used [0x00000000af150000, 0x00000000af150000, 0x00000000b0c20000)
 tenured generation   total 548456K, used 384394K [0x00000000c0000000, 0x00000000e179a000, 0x0000000100000000)
   the space 548456K,  70% used [0x00000000c0000000, 0x00000000d7762be0, 0x00000000d7762c00, 0x00000000e179a000)
 Metaspace       used 157895K, committed 160640K, reserved 409600K
  class space    used 21542K, committed 22784K, reserved 212992K
}
Event: 252.944 GC heap after
{Heap after GC invocations=76 (full 7):
 def new generation   total 247104K, used 27456K [0x00000000a0000000, 0x00000000b0c20000, 0x00000000c0000000)
  eden space 219648K,   0% used [0x00000000a0000000, 0x00000000a0000000, 0x00000000ad680000)
  from space 27456K, 100% used [0x00000000af150000, 0x00000000b0c20000, 0x00000000b0c20000)
  to   space 27456K,   0% used [0x00000000ad680000, 0x00000000ad680000, 0x00000000af150000)
 tenured generation   total 548456K, used 430513K [0x00000000c0000000, 0x00000000e179a000, 0x0000000100000000)
   the space 548456K,  78% used [0x00000000c0000000, 0x00000000da46c5b8, 0x00000000da46c600, 0x00000000e179a000)
 Metaspace       used 157895K, committed 160640K, reserved 409600K
  class space    used 21542K, committed 22784K, reserved 212992K
}
Event: 253.736 GC heap before
{Heap before GC invocations=76 (full 7):
 def new generation   total 247104K, used 247104K [0x00000000a0000000, 0x00000000b0c20000, 0x00000000c0000000)
  eden space 219648K, 100% used [0x00000000a0000000, 0x00000000ad680000, 0x00000000ad680000)
  from space 27456K, 100% used [0x00000000af150000, 0x00000000b0c20000, 0x00000000b0c20000)
  to   space 27456K,   0% used [0x00000000ad680000, 0x00000000ad680000, 0x00000000af150000)
 tenured generation   total 548456K, used 430513K [0x00000000c0000000, 0x00000000e179a000, 0x0000000100000000)
   the space 548456K,  78% used [0x00000000c0000000, 0x00000000da46c5b8, 0x00000000da46c600, 0x00000000e179a000)
 Metaspace       used 157971K, committed 160704K, reserved 409600K
  class space    used 21549K, committed 22784K, reserved 212992K
}
Event: 254.011 GC heap after
{Heap after GC invocations=77 (full 7):
 def new generation   total 247104K, used 27456K [0x00000000a0000000, 0x00000000b0c20000, 0x00000000c0000000)
  eden space 219648K,   0% used [0x00000000a0000000, 0x00000000a0000000, 0x00000000ad680000)
  from space 27456K, 100% used [0x00000000ad680000, 0x00000000af150000, 0x00000000af150000)
  to   space 27456K,   0% used [0x00000000af150000, 0x00000000af150000, 0x00000000b0c20000)
 tenured generation   total 548456K, used 481715K [0x00000000c0000000, 0x00000000e179a000, 0x0000000100000000)
   the space 548456K,  87% used [0x00000000c0000000, 0x00000000dd66cd20, 0x00000000dd66ce00, 0x00000000e179a000)
 Metaspace       used 157971K, committed 160704K, reserved 409600K
  class space    used 21549K, committed 22784K, reserved 212992K
}
Event: 255.806 GC heap before
{Heap before GC invocations=77 (full 7):
 def new generation   total 247104K, used 247104K [0x00000000a0000000, 0x00000000b0c20000, 0x00000000c0000000)
  eden space 219648K, 100% used [0x00000000a0000000, 0x00000000ad680000, 0x00000000ad680000)
  from space 27456K, 100% used [0x00000000ad680000, 0x00000000af150000, 0x00000000af150000)
  to   space 27456K,   0% used [0x00000000af150000, 0x00000000af150000, 0x00000000b0c20000)
 tenured generation   total 548456K, used 481715K [0x00000000c0000000, 0x00000000e179a000, 0x0000000100000000)
   the space 548456K,  87% used [0x00000000c0000000, 0x00000000dd66cd20, 0x00000000dd66ce00, 0x00000000e179a000)
 Metaspace       used 160288K, committed 163072K, reserved 409600K
  class space    used 21885K, committed 23104K, reserved 212992K
}
Event: 256.298 GC heap after
{Heap after GC invocations=78 (full 7):
 def new generation   total 247104K, used 27455K [0x00000000a0000000, 0x00000000b0c20000, 0x00000000c0000000)
  eden space 219648K,   0% used [0x00000000a0000000, 0x00000000a0000000, 0x00000000ad680000)
  from space 27456K,  99% used [0x00000000af150000, 0x00000000b0c1fff8, 0x00000000b0c20000)
  to   space 27456K,   0% used [0x00000000ad680000, 0x00000000ad680000, 0x00000000af150000)
 tenured generation   total 548456K, used 532905K [0x00000000c0000000, 0x00000000e179a000, 0x0000000100000000)
   the space 548456K,  97% used [0x00000000c0000000, 0x00000000e086a7f0, 0x00000000e086a800, 0x00000000e179a000)
 Metaspace       used 160288K, committed 163072K, reserved 409600K
  class space    used 21885K, committed 23104K, reserved 212992K
}
Event: 257.626 GC heap before
{Heap before GC invocations=78 (full 7):
 def new generation   total 247104K, used 247103K [0x00000000a0000000, 0x00000000b0c20000, 0x00000000c0000000)
  eden space 219648K, 100% used [0x00000000a0000000, 0x00000000ad680000, 0x00000000ad680000)
  from space 27456K,  99% used [0x00000000af150000, 0x00000000b0c1fff8, 0x00000000b0c20000)
  to   space 27456K,   0% used [0x00000000ad680000, 0x00000000ad680000, 0x00000000af150000)
 tenured generation   total 548456K, used 532905K [0x00000000c0000000, 0x00000000e179a000, 0x0000000100000000)
   the space 548456K,  97% used [0x00000000c0000000, 0x00000000e086a7f0, 0x00000000e086a800, 0x00000000e179a000)
 Metaspace       used 161071K, committed 163840K, reserved 409600K
  class space    used 21980K, committed 23232K, reserved 212992K
}
Event: 257.998 GC heap after
{Heap after GC invocations=79 (full 7):
 def new generation   total 247104K, used 27455K [0x00000000a0000000, 0x00000000b0c20000, 0x00000000c0000000)
  eden space 219648K,   0% used [0x00000000a0000000, 0x00000000a0000000, 0x00000000ad680000)
  from space 27456K,  99% used [0x00000000ad680000, 0x00000000af14fff8, 0x00000000af150000)
  to   space 27456K,   0% used [0x00000000af150000, 0x00000000af150000, 0x00000000b0c20000)
 tenured generation   total 560812K, used 560751K [0x00000000c0000000, 0x00000000e23ab000, 0x0000000100000000)
   the space 560812K,  99% used [0x00000000c0000000, 0x00000000e239bc28, 0x00000000e239be00, 0x00000000e23ab000)
 Metaspace       used 161071K, committed 163840K, reserved 409600K
  class space    used 21980K, committed 23232K, reserved 212992K
}
Event: 257.998 GC heap before
{Heap before GC invocations=79 (full 7):
 def new generation   total 247104K, used 27455K [0x00000000a0000000, 0x00000000b0c20000, 0x00000000c0000000)
  eden space 219648K,   0% used [0x00000000a0000000, 0x00000000a0000000, 0x00000000ad680000)
  from space 27456K,  99% used [0x00000000ad680000, 0x00000000af14fff8, 0x00000000af150000)
  to   space 27456K,   0% used [0x00000000af150000, 0x00000000af150000, 0x00000000b0c20000)
 tenured generation   total 560812K, used 560751K [0x00000000c0000000, 0x00000000e23ab000, 0x0000000100000000)
   the space 560812K,  99% used [0x00000000c0000000, 0x00000000e239bc28, 0x00000000e239be00, 0x00000000e23ab000)
 Metaspace       used 161071K, committed 163840K, reserved 409600K
  class space    used 21980K, committed 23232K, reserved 212992K
}
Event: 283.333 GC heap after
{Heap after GC invocations=79 (full 8):
 def new generation   total 417920K, used 0K [0x00000000a0000000, 0x00000000bc570000, 0x00000000c0000000)
  eden space 371520K,   0% used [0x00000000a0000000, 0x00000000a0000000, 0x00000000b6ad0000)
  from space 46400K,   0% used [0x00000000b6ad0000, 0x00000000b6ad0000, 0x00000000b9820000)
  to   space 46400K,   0% used [0x00000000b9820000, 0x00000000b9820000, 0x00000000bc570000)
 tenured generation   total 928112K, used 556867K [0x00000000c0000000, 0x00000000f8a5c000, 0x0000000100000000)
   the space 928112K,  59% used [0x00000000c0000000, 0x00000000e1fd0c38, 0x00000000e1fd0e00, 0x00000000f8a5c000)
 Metaspace       used 161065K, committed 163840K, reserved 409600K
  class space    used 21978K, committed 23232K, reserved 212992K
}
Event: 285.015 GC heap before
{Heap before GC invocations=79 (full 8):
 def new generation   total 417920K, used 371520K [0x00000000a0000000, 0x00000000bc570000, 0x00000000c0000000)
  eden space 371520K, 100% used [0x00000000a0000000, 0x00000000b6ad0000, 0x00000000b6ad0000)
  from space 46400K,   0% used [0x00000000b6ad0000, 0x00000000b6ad0000, 0x00000000b9820000)
  to   space 46400K,   0% used [0x00000000b9820000, 0x00000000b9820000, 0x00000000bc570000)
 tenured generation   total 928112K, used 556867K [0x00000000c0000000, 0x00000000f8a5c000, 0x0000000100000000)
   the space 928112K,  59% used [0x00000000c0000000, 0x00000000e1fd0c38, 0x00000000e1fd0e00, 0x00000000f8a5c000)
 Metaspace       used 163075K, committed 165888K, reserved 409600K
  class space    used 22227K, committed 23488K, reserved 212992K
}
Event: 285.139 GC heap after
{Heap after GC invocations=80 (full 8):
 def new generation   total 417920K, used 43642K [0x00000000a0000000, 0x00000000bc570000, 0x00000000c0000000)
  eden space 371520K,   0% used [0x00000000a0000000, 0x00000000a0000000, 0x00000000b6ad0000)
  from space 46400K,  94% used [0x00000000b9820000, 0x00000000bc2be878, 0x00000000bc570000)
  to   space 46400K,   0% used [0x00000000b6ad0000, 0x00000000b6ad0000, 0x00000000b9820000)
 tenured generation   total 928112K, used 556867K [0x00000000c0000000, 0x00000000f8a5c000, 0x0000000100000000)
   the space 928112K,  59% used [0x00000000c0000000, 0x00000000e1fd0c38, 0x00000000e1fd0e00, 0x00000000f8a5c000)
 Metaspace       used 163075K, committed 165888K, reserved 409600K
  class space    used 22227K, committed 23488K, reserved 212992K
}

