# JRE version: OpenJDK Runtime Environment (21.0.8) (build 21.0.8+-14196175-b1038.72)
# Java VM: OpenJDK 64-Bit Server VM (21.0.8+-14196175-b1038.72, mixed mode, tiered, compressed oops, compressed class ptrs, serial gc, windows-amd64)
GC Precious Log:
 CardTable entry size: 512
 CPUs: 8 total, 8 available
 Memory: 7930M
 Large Page Support: Disabled
 NUMA Support: Disabled
 Compressed Oops: Enabled (Zero based)
 Heap Min Capacity: 8M
 Heap Initial Capacity: 124M
 Heap Max Capacity: 4G
 Pre-touch: Disabled
Heap:
 def new generation   total 278528K, used 50692K [0x0000000700000000, 0x0000000712e30000, 0x0000000755550000)
  eden space 247616K,  11% used [0x0000000700000000, 0x0000000701c56c28, 0x000000070f1d0000)
  from space 30912K,  70% used [0x000000070f1d0000, 0x00000007106fa700, 0x0000000711000000)
  to   space 30912K,   0% used [0x0000000711000000, 0x0000000711000000, 0x0000000712e30000)
 tenured generation   total 618228K, used 418939K [0x0000000755550000, 0x000000077b10d000, 0x0000000800000000)
   the space 618228K,  67% used [0x0000000755550000, 0x000000076ee6ec08, 0x000000076ee6ee00, 0x000000077b10d000)
 Metaspace       used 159615K, committed 162304K, reserved 622592K
  class space    used 22081K, committed 23296K, reserved 425984K
GC Heap History (20 events):
Event: 147.077 GC heap before
{Heap before GC invocations=64 (full 6):
 def new generation   total 161920K, used 156917K [0x0000000700000000, 0x000000070afb0000, 0x0000000755550000)
  eden space 143936K,  99% used [0x0000000700000000, 0x0000000708c8fd50, 0x0000000708c90000)
  from space 17984K,  72% used [0x0000000709e20000, 0x000000070aacda78, 0x000000070afb0000)
  to   space 17984K,   0% used [0x0000000708c90000, 0x0000000708c90000, 0x0000000709e20000)
 tenured generation   total 359224K, used 281836K [0x0000000755550000, 0x000000076b41e000, 0x0000000800000000)
   the space 359224K,  78% used [0x0000000755550000, 0x000000076688b000, 0x000000076688b000, 0x000000076b41e000)
 Metaspace       used 144268K, committed 146944K, reserved 557056K
  class space    used 20093K, committed 21312K, reserved 425984K
}
Event: 147.164 GC heap after
{Heap after GC invocations=65 (full 6):
 def new generation   total 161920K, used 9300K [0x0000000700000000, 0x000000070afb0000, 0x0000000755550000)
  eden space 143936K,   0% used [0x0000000700000000, 0x0000000700000000, 0x0000000708c90000)
  from space 17984K,  51% used [0x0000000708c90000, 0x00000007095a5218, 0x0000000709e20000)
  to   space 17984K,   0% used [0x0000000709e20000, 0x0000000709e20000, 0x000000070afb0000)
 tenured generation   total 359224K, used 294576K [0x0000000755550000, 0x000000076b41e000, 0x0000000800000000)
   the space 359224K,  82% used [0x0000000755550000, 0x00000007674fc218, 0x00000007674fc400, 0x000000076b41e000)
 Metaspace       used 144268K, committed 146944K, reserved 557056K
  class space    used 20093K, committed 21312K, reserved 425984K
}
Event: 150.817 GC heap before
{Heap before GC invocations=65 (full 6):
 def new generation   total 161920K, used 153236K [0x0000000700000000, 0x000000070afb0000, 0x0000000755550000)
  eden space 143936K, 100% used [0x0000000700000000, 0x0000000708c90000, 0x0000000708c90000)
  from space 17984K,  51% used [0x0000000708c90000, 0x00000007095a5218, 0x0000000709e20000)
  to   space 17984K,   0% used [0x0000000709e20000, 0x0000000709e20000, 0x000000070afb0000)
 tenured generation   total 359224K, used 294576K [0x0000000755550000, 0x000000076b41e000, 0x0000000800000000)
   the space 359224K,  82% used [0x0000000755550000, 0x00000007674fc218, 0x00000007674fc400, 0x000000076b41e000)
 Metaspace       used 144910K, committed 147520K, reserved 557056K
  class space    used 20130K, committed 21312K, reserved 425984K
}
Event: 150.876 GC heap after
{Heap after GC invocations=66 (full 6):
 def new generation   total 161920K, used 10885K [0x0000000700000000, 0x000000070afb0000, 0x0000000755550000)
  eden space 143936K,   0% used [0x0000000700000000, 0x0000000700000000, 0x0000000708c90000)
  from space 17984K,  60% used [0x0000000709e20000, 0x000000070a8c1678, 0x000000070afb0000)
  to   space 17984K,   0% used [0x0000000708c90000, 0x0000000708c90000, 0x0000000709e20000)
 tenured generation   total 359224K, used 301117K [0x0000000755550000, 0x000000076b41e000, 0x0000000800000000)
   the space 359224K,  83% used [0x0000000755550000, 0x0000000767b5f760, 0x0000000767b5f800, 0x000000076b41e000)
 Metaspace       used 144910K, committed 147520K, reserved 557056K
  class space    used 20130K, committed 21312K, reserved 425984K
}
Event: 154.877 GC heap before
{Heap before GC invocations=66 (full 6):
 def new generation   total 161920K, used 154821K [0x0000000700000000, 0x000000070afb0000, 0x0000000755550000)
  eden space 143936K, 100% used [0x0000000700000000, 0x0000000708c90000, 0x0000000708c90000)
  from space 17984K,  60% used [0x0000000709e20000, 0x000000070a8c1678, 0x000000070afb0000)
  to   space 17984K,   0% used [0x0000000708c90000, 0x0000000708c90000, 0x0000000709e20000)
 tenured generation   total 359224K, used 301117K [0x0000000755550000, 0x000000076b41e000, 0x0000000800000000)
   the space 359224K,  83% used [0x0000000755550000, 0x0000000767b5f760, 0x0000000767b5f800, 0x000000076b41e000)
 Metaspace       used 145201K, committed 147840K, reserved 557056K
  class space    used 20135K, committed 21312K, reserved 425984K
}
Event: 154.967 GC heap after
{Heap after GC invocations=67 (full 6):
 def new generation   total 161920K, used 12848K [0x0000000700000000, 0x000000070afb0000, 0x0000000755550000)
  eden space 143936K,   0% used [0x0000000700000000, 0x0000000700000000, 0x0000000708c90000)
  from space 17984K,  71% used [0x0000000708c90000, 0x000000070991c068, 0x0000000709e20000)
  to   space 17984K,   0% used [0x0000000709e20000, 0x0000000709e20000, 0x000000070afb0000)
 tenured generation   total 359224K, used 309307K [0x0000000755550000, 0x000000076b41e000, 0x0000000800000000)
   the space 359224K,  86% used [0x0000000755550000, 0x000000076835ec28, 0x000000076835ee00, 0x000000076b41e000)
 Metaspace       used 145201K, committed 147840K, reserved 557056K
  class space    used 20135K, committed 21312K, reserved 425984K
}
Event: 157.956 GC heap before
{Heap before GC invocations=67 (full 6):
 def new generation   total 161920K, used 156784K [0x0000000700000000, 0x000000070afb0000, 0x0000000755550000)
  eden space 143936K, 100% used [0x0000000700000000, 0x0000000708c90000, 0x0000000708c90000)
  from space 17984K,  71% used [0x0000000708c90000, 0x000000070991c068, 0x0000000709e20000)
  to   space 17984K,   0% used [0x0000000709e20000, 0x0000000709e20000, 0x000000070afb0000)
 tenured generation   total 359224K, used 309307K [0x0000000755550000, 0x000000076b41e000, 0x0000000800000000)
   the space 359224K,  86% used [0x0000000755550000, 0x000000076835ec28, 0x000000076835ee00, 0x000000076b41e000)
 Metaspace       used 145934K, committed 148608K, reserved 557056K
  class space    used 20231K, committed 21440K, reserved 425984K
}
Event: 158.036 GC heap after
{Heap after GC invocations=68 (full 6):
 def new generation   total 161920K, used 7940K [0x0000000700000000, 0x000000070afb0000, 0x0000000755550000)
  eden space 143936K,   0% used [0x0000000700000000, 0x0000000700000000, 0x0000000708c90000)
  from space 17984K,  44% used [0x0000000709e20000, 0x000000070a5e13d8, 0x000000070afb0000)
  to   space 17984K,   0% used [0x0000000708c90000, 0x0000000708c90000, 0x0000000709e20000)
 tenured generation   total 359224K, used 319933K [0x0000000755550000, 0x000000076b41e000, 0x0000000800000000)
   the space 359224K,  89% used [0x0000000755550000, 0x0000000768dbf4e8, 0x0000000768dbf600, 0x000000076b41e000)
 Metaspace       used 145934K, committed 148608K, reserved 557056K
  class space    used 20231K, committed 21440K, reserved 425984K
}
Event: 164.801 GC heap before
{Heap before GC invocations=68 (full 6):
 def new generation   total 161920K, used 151876K [0x0000000700000000, 0x000000070afb0000, 0x0000000755550000)
  eden space 143936K, 100% used [0x0000000700000000, 0x0000000708c90000, 0x0000000708c90000)
  from space 17984K,  44% used [0x0000000709e20000, 0x000000070a5e13d8, 0x000000070afb0000)
  to   space 17984K,   0% used [0x0000000708c90000, 0x0000000708c90000, 0x0000000709e20000)
 tenured generation   total 359224K, used 319933K [0x0000000755550000, 0x000000076b41e000, 0x0000000800000000)
   the space 359224K,  89% used [0x0000000755550000, 0x0000000768dbf4e8, 0x0000000768dbf600, 0x000000076b41e000)
 Metaspace       used 149104K, committed 151872K, reserved 557056K
  class space    used 20611K, committed 21888K, reserved 425984K
}
Event: 164.877 GC heap after
{Heap after GC invocations=69 (full 6):
 def new generation   total 161920K, used 13689K [0x0000000700000000, 0x000000070afb0000, 0x0000000755550000)
  eden space 143936K,   0% used [0x0000000700000000, 0x0000000700000000, 0x0000000708c90000)
  from space 17984K,  76% used [0x0000000708c90000, 0x00000007099ee450, 0x0000000709e20000)
  to   space 17984K,   0% used [0x0000000709e20000, 0x0000000709e20000, 0x000000070afb0000)
 tenured generation   total 359224K, used 319933K [0x0000000755550000, 0x000000076b41e000, 0x0000000800000000)
   the space 359224K,  89% used [0x0000000755550000, 0x0000000768dbf4e8, 0x0000000768dbf600, 0x000000076b41e000)
 Metaspace       used 149104K, committed 151872K, reserved 557056K
  class space    used 20611K, committed 21888K, reserved 425984K
}
Event: 172.424 GC heap before
{Heap before GC invocations=69 (full 6):
 def new generation   total 161920K, used 157625K [0x0000000700000000, 0x000000070afb0000, 0x0000000755550000)
  eden space 143936K, 100% used [0x0000000700000000, 0x0000000708c90000, 0x0000000708c90000)
  from space 17984K,  76% used [0x0000000708c90000, 0x00000007099ee450, 0x0000000709e20000)
  to   space 17984K,   0% used [0x0000000709e20000, 0x0000000709e20000, 0x000000070afb0000)
 tenured generation   total 359224K, used 319933K [0x0000000755550000, 0x000000076b41e000, 0x0000000800000000)
   the space 359224K,  89% used [0x0000000755550000, 0x0000000768dbf4e8, 0x0000000768dbf600, 0x000000076b41e000)
 Metaspace       used 151001K, committed 153728K, reserved 622592K
  class space    used 20828K, committed 22080K, reserved 425984K
}
Event: 172.541 GC heap after
{Heap after GC invocations=70 (full 6):
 def new generation   total 161920K, used 15583K [0x0000000700000000, 0x000000070afb0000, 0x0000000755550000)
  eden space 143936K,   0% used [0x0000000700000000, 0x0000000700000000, 0x0000000708c90000)
  from space 17984K,  86% used [0x0000000709e20000, 0x000000070ad57cf0, 0x000000070afb0000)
  to   space 17984K,   0% used [0x0000000708c90000, 0x0000000708c90000, 0x0000000709e20000)
 tenured generation   total 359224K, used 325224K [0x0000000755550000, 0x000000076b41e000, 0x0000000800000000)
   the space 359224K,  90% used [0x0000000755550000, 0x00000007692ea2a8, 0x00000007692ea400, 0x000000076b41e000)
 Metaspace       used 151001K, committed 153728K, reserved 622592K
  class space    used 20828K, committed 22080K, reserved 425984K
}
Event: 175.405 GC heap before
{Heap before GC invocations=70 (full 6):
 def new generation   total 161920K, used 159519K [0x0000000700000000, 0x000000070afb0000, 0x0000000755550000)
  eden space 143936K, 100% used [0x0000000700000000, 0x0000000708c90000, 0x0000000708c90000)
  from space 17984K,  86% used [0x0000000709e20000, 0x000000070ad57cf0, 0x000000070afb0000)
  to   space 17984K,   0% used [0x0000000708c90000, 0x0000000708c90000, 0x0000000709e20000)
 tenured generation   total 359224K, used 325224K [0x0000000755550000, 0x000000076b41e000, 0x0000000800000000)
   the space 359224K,  90% used [0x0000000755550000, 0x00000007692ea2a8, 0x00000007692ea400, 0x000000076b41e000)
 Metaspace       used 153413K, committed 156224K, reserved 622592K
  class space    used 21056K, committed 22336K, reserved 425984K
}
Event: 175.611 GC heap after
{Heap after GC invocations=71 (full 6):
 def new generation   total 161920K, used 17984K [0x0000000700000000, 0x000000070afb0000, 0x0000000755550000)
  eden space 143936K,   0% used [0x0000000700000000, 0x0000000700000000, 0x0000000708c90000)
  from space 17984K, 100% used [0x0000000708c90000, 0x0000000709e20000, 0x0000000709e20000)
  to   space 17984K,   0% used [0x0000000709e20000, 0x0000000709e20000, 0x000000070afb0000)
 tenured generation   total 370936K, used 370934K [0x0000000755550000, 0x000000076bf8e000, 0x0000000800000000)
   the space 370936K,  99% used [0x0000000755550000, 0x000000076bf8db38, 0x000000076bf8dc00, 0x000000076bf8e000)
 Metaspace       used 153413K, committed 156224K, reserved 622592K
  class space    used 21056K, committed 22336K, reserved 425984K
}
Event: 175.611 GC heap before
{Heap before GC invocations=71 (full 6):
 def new generation   total 161920K, used 17984K [0x0000000700000000, 0x000000070afb0000, 0x0000000755550000)
  eden space 143936K,   0% used [0x0000000700000000, 0x0000000700000000, 0x0000000708c90000)
  from space 17984K, 100% used [0x0000000708c90000, 0x0000000709e20000, 0x0000000709e20000)
  to   space 17984K,   0% used [0x0000000709e20000, 0x0000000709e20000, 0x000000070afb0000)
 tenured generation   total 370936K, used 370934K [0x0000000755550000, 0x000000076bf8e000, 0x0000000800000000)
   the space 370936K,  99% used [0x0000000755550000, 0x000000076bf8db38, 0x000000076bf8dc00, 0x000000076bf8e000)
 Metaspace       used 153413K, committed 156224K, reserved 622592K
  class space    used 21056K, committed 22336K, reserved 425984K
}
Event: 183.921 GC heap after
{Heap after GC invocations=71 (full 7):
 def new generation   total 278528K, used 2989K [0x0000000700000000, 0x0000000712e30000, 0x0000000755550000)
  eden space 247616K,   1% used [0x0000000700000000, 0x00000007002eb780, 0x000000070f1d0000)
  from space 30912K,   0% used [0x000000070f1d0000, 0x000000070f1d0000, 0x0000000711000000)
  to   space 30912K,   0% used [0x0000000711000000, 0x0000000711000000, 0x0000000712e30000)
 tenured generation   total 618228K, used 370935K [0x0000000755550000, 0x000000077b10d000, 0x0000000800000000)
   the space 618228K,  59% used [0x0000000755550000, 0x000000076bf8df80, 0x000000076bf8e000, 0x000000077b10d000)
 Metaspace       used 153413K, committed 156224K, reserved 622592K
  class space    used 21056K, committed 22336K, reserved 425984K
}
Event: 186.271 GC heap before
{Heap before GC invocations=71 (full 7):
 def new generation   total 278528K, used 247616K [0x0000000700000000, 0x0000000712e30000, 0x0000000755550000)
  eden space 247616K, 100% used [0x0000000700000000, 0x000000070f1d0000, 0x000000070f1d0000)
  from space 30912K,   0% used [0x000000070f1d0000, 0x000000070f1d0000, 0x0000000711000000)
  to   space 30912K,   0% used [0x0000000711000000, 0x0000000711000000, 0x0000000712e30000)
 tenured generation   total 618228K, used 370935K [0x0000000755550000, 0x000000077b10d000, 0x0000000800000000)
   the space 618228K,  59% used [0x0000000755550000, 0x000000076bf8df80, 0x000000076bf8e000, 0x000000077b10d000)
 Metaspace       used 158873K, committed 161600K, reserved 622592K
  class space    used 21994K, committed 23232K, reserved 425984K
}
Event: 186.774 GC heap after
{Heap after GC invocations=72 (full 7):
 def new generation   total 278528K, used 30911K [0x0000000700000000, 0x0000000712e30000, 0x0000000755550000)
  eden space 247616K,   0% used [0x0000000700000000, 0x0000000700000000, 0x000000070f1d0000)
  from space 30912K,  99% used [0x0000000711000000, 0x0000000712e2fff8, 0x0000000712e30000)
  to   space 30912K,   0% used [0x000000070f1d0000, 0x000000070f1d0000, 0x0000000711000000)
 tenured generation   total 618228K, used 393347K [0x0000000755550000, 0x000000077b10d000, 0x0000000800000000)
   the space 618228K,  63% used [0x0000000755550000, 0x000000076d570df8, 0x000000076d570e00, 0x000000077b10d000)
 Metaspace       used 158873K, committed 161600K, reserved 622592K
  class space    used 21994K, committed 23232K, reserved 425984K
}
Event: 188.377 GC heap before
{Heap before GC invocations=72 (full 7):
 def new generation   total 278528K, used 278527K [0x0000000700000000, 0x0000000712e30000, 0x0000000755550000)
  eden space 247616K, 100% used [0x0000000700000000, 0x000000070f1d0000, 0x000000070f1d0000)
  from space 30912K,  99% used [0x0000000711000000, 0x0000000712e2fff8, 0x0000000712e30000)
  to   space 30912K,   0% used [0x000000070f1d0000, 0x000000070f1d0000, 0x0000000711000000)
 tenured generation   total 618228K, used 393347K [0x0000000755550000, 0x000000077b10d000, 0x0000000800000000)
   the space 618228K,  63% used [0x0000000755550000, 0x000000076d570df8, 0x000000076d570e00, 0x000000077b10d000)
 Metaspace       used 159280K, committed 161984K, reserved 622592K
  class space    used 22046K, committed 23296K, reserved 425984K
}
Event: 188.641 GC heap after
{Heap after GC invocations=73 (full 7):
 def new generation   total 278528K, used 21673K [0x0000000700000000, 0x0000000712e30000, 0x0000000755550000)
  eden space 247616K,   0% used [0x0000000700000000, 0x0000000700000000, 0x000000070f1d0000)
  from space 30912K,  70% used [0x000000070f1d0000, 0x00000007106fa700, 0x0000000711000000)
  to   space 30912K,   0% used [0x0000000711000000, 0x0000000711000000, 0x0000000712e30000)
 tenured generation   total 618228K, used 418939K [0x0000000755550000, 0x000000077b10d000, 0x0000000800000000)
   the space 618228K,  67% used [0x0000000755550000, 0x000000076ee6ec08, 0x000000076ee6ee00, 0x000000077b10d000)
 Metaspace       used 159280K, committed 161984K, reserved 622592K
  class space    used 22046K, committed 23296K, reserved 425984K
}

