# JRE version: OpenJDK Runtime Environment (21.0.8) (build 21.0.8+-14196175-b1038.72)
# Java VM: OpenJDK 64-Bit Server VM (21.0.8+-14196175-b1038.72, mixed mode, tiered, compressed oops, compressed class ptrs, serial gc, windows-amd64)
GC Precious Log:
 CardTable entry size: 512
 CPUs: 8 total, 8 available
 Memory: 7930M
 Large Page Support: Disabled
 NUMA Support: Disabled
 Compressed Oops: Enabled (32-bit)
 Heap Min Capacity: 8M
 Heap Initial Capacity: 124M
 Heap Max Capacity: 1536M
 Pre-touch: Disabled
Heap:
 def new generation   total 471872K, used 436505K [0x00000000a0000000, 0x00000000c0000000, 0x00000000c0000000)
  eden space 419456K,  95% used [0x00000000a0000000, 0x00000000b883bef8, 0x00000000b99a0000)
  from space 52416K,  66% used [0x00000000b99a0000, 0x00000000bbbaa6c0, 0x00000000bccd0000)
  to   space 52416K,   0% used [0x00000000bccd0000, 0x00000000bccd0000, 0x00000000c0000000)
 tenured generation   total 1048576K, used 824350K [0x00000000c0000000, 0x0000000100000000, 0x0000000100000000)
   the space 1048576K,  78% used [0x00000000c0000000, 0x00000000f2507bf0, 0x00000000f2507c00, 0x0000000100000000)
 Metaspace       used 185610K, committed 188416K, reserved 409600K
  class space    used 25601K, committed 26944K, reserved 212992K
GC Heap History (20 events):
Event: 206.600 GC heap before
{Heap before GC invocations=162 (full 10):
 def new generation   total 471872K, used 438595K [0x00000000a0000000, 0x00000000c0000000, 0x00000000c0000000)
  eden space 419456K, 100% used [0x00000000a0000000, 0x00000000b99a0000, 0x00000000b99a0000)
  from space 52416K,  36% used [0x00000000bccd0000, 0x00000000bdf80c70, 0x00000000c0000000)
  to   space 52416K,   0% used [0x00000000b99a0000, 0x00000000b99a0000, 0x00000000bccd0000)
 tenured generation   total 1048576K, used 763995K [0x00000000c0000000, 0x0000000100000000, 0x0000000100000000)
   the space 1048576K,  72% used [0x00000000c0000000, 0x00000000eea16c98, 0x00000000eea16e00, 0x0000000100000000)
 Metaspace       used 182482K, committed 185344K, reserved 409600K
  class space    used 25153K, committed 26496K, reserved 212992K
}
Event: 206.650 GC heap after
{Heap after GC invocations=163 (full 10):
 def new generation   total 471872K, used 19083K [0x00000000a0000000, 0x00000000c0000000, 0x00000000c0000000)
  eden space 419456K,   0% used [0x00000000a0000000, 0x00000000a0000000, 0x00000000b99a0000)
  from space 52416K,  36% used [0x00000000b99a0000, 0x00000000bac42fc0, 0x00000000bccd0000)
  to   space 52416K,   0% used [0x00000000bccd0000, 0x00000000bccd0000, 0x00000000c0000000)
 tenured generation   total 1048576K, used 766466K [0x00000000c0000000, 0x0000000100000000, 0x0000000100000000)
   the space 1048576K,  73% used [0x00000000c0000000, 0x00000000eec80a08, 0x00000000eec80c00, 0x0000000100000000)
 Metaspace       used 182482K, committed 185344K, reserved 409600K
  class space    used 25153K, committed 26496K, reserved 212992K
}
Event: 207.357 GC heap before
{Heap before GC invocations=163 (full 10):
 def new generation   total 471872K, used 258032K [0x00000000a0000000, 0x00000000c0000000, 0x00000000c0000000)
  eden space 419456K,  56% used [0x00000000a0000000, 0x00000000ae959068, 0x00000000b99a0000)
  from space 52416K,  36% used [0x00000000b99a0000, 0x00000000bac42fc0, 0x00000000bccd0000)
  to   space 52416K,   0% used [0x00000000bccd0000, 0x00000000bccd0000, 0x00000000c0000000)
 tenured generation   total 1048576K, used 766466K [0x00000000c0000000, 0x0000000100000000, 0x0000000100000000)
   the space 1048576K,  73% used [0x00000000c0000000, 0x00000000eec80a08, 0x00000000eec80c00, 0x0000000100000000)
 Metaspace       used 182534K, committed 185344K, reserved 409600K
  class space    used 25164K, committed 26496K, reserved 212992K
}
Event: 208.667 GC heap after
{Heap after GC invocations=164 (full 11):
 def new generation   total 471872K, used 0K [0x00000000a0000000, 0x00000000c0000000, 0x00000000c0000000)
  eden space 419456K,   0% used [0x00000000a0000000, 0x00000000a0000000, 0x00000000b99a0000)
  from space 52416K,   0% used [0x00000000b99a0000, 0x00000000b99a0000, 0x00000000bccd0000)
  to   space 52416K,   0% used [0x00000000bccd0000, 0x00000000bccd0000, 0x00000000c0000000)
 tenured generation   total 1048576K, used 636645K [0x00000000c0000000, 0x0000000100000000, 0x0000000100000000)
   the space 1048576K,  60% used [0x00000000c0000000, 0x00000000e6db9540, 0x00000000e6db9600, 0x0000000100000000)
 Metaspace       used 182518K, committed 185344K, reserved 409600K
  class space    used 25159K, committed 26496K, reserved 212992K
}
Event: 209.668 GC heap before
{Heap before GC invocations=164 (full 11):
 def new generation   total 471872K, used 419456K [0x00000000a0000000, 0x00000000c0000000, 0x00000000c0000000)
  eden space 419456K, 100% used [0x00000000a0000000, 0x00000000b99a0000, 0x00000000b99a0000)
  from space 52416K,   0% used [0x00000000b99a0000, 0x00000000b99a0000, 0x00000000bccd0000)
  to   space 52416K,   0% used [0x00000000bccd0000, 0x00000000bccd0000, 0x00000000c0000000)
 tenured generation   total 1048576K, used 636645K [0x00000000c0000000, 0x0000000100000000, 0x0000000100000000)
   the space 1048576K,  60% used [0x00000000c0000000, 0x00000000e6db9540, 0x00000000e6db9600, 0x0000000100000000)
 Metaspace       used 182568K, committed 185408K, reserved 409600K
  class space    used 25163K, committed 26496K, reserved 212992K
}
Event: 209.739 GC heap after
{Heap after GC invocations=165 (full 11):
 def new generation   total 471872K, used 26008K [0x00000000a0000000, 0x00000000c0000000, 0x00000000c0000000)
  eden space 419456K,   0% used [0x00000000a0000000, 0x00000000a0000000, 0x00000000b99a0000)
  from space 52416K,  49% used [0x00000000bccd0000, 0x00000000be6362b8, 0x00000000c0000000)
  to   space 52416K,   0% used [0x00000000b99a0000, 0x00000000b99a0000, 0x00000000bccd0000)
 tenured generation   total 1048576K, used 636645K [0x00000000c0000000, 0x0000000100000000, 0x0000000100000000)
   the space 1048576K,  60% used [0x00000000c0000000, 0x00000000e6db9540, 0x00000000e6db9600, 0x0000000100000000)
 Metaspace       used 182568K, committed 185408K, reserved 409600K
  class space    used 25163K, committed 26496K, reserved 212992K
}
Event: 211.301 GC heap before
{Heap before GC invocations=165 (full 11):
 def new generation   total 471872K, used 445033K [0x00000000a0000000, 0x00000000c0000000, 0x00000000c0000000)
  eden space 419456K,  99% used [0x00000000a0000000, 0x00000000b99341f8, 0x00000000b99a0000)
  from space 52416K,  49% used [0x00000000bccd0000, 0x00000000be6362b8, 0x00000000c0000000)
  to   space 52416K,   0% used [0x00000000b99a0000, 0x00000000b99a0000, 0x00000000bccd0000)
 tenured generation   total 1048576K, used 636645K [0x00000000c0000000, 0x0000000100000000, 0x0000000100000000)
   the space 1048576K,  60% used [0x00000000c0000000, 0x00000000e6db9540, 0x00000000e6db9600, 0x0000000100000000)
 Metaspace       used 182683K, committed 185472K, reserved 409600K
  class space    used 25177K, committed 26496K, reserved 212992K
}
Event: 211.442 GC heap after
{Heap after GC invocations=166 (full 11):
 def new generation   total 471872K, used 47086K [0x00000000a0000000, 0x00000000c0000000, 0x00000000c0000000)
  eden space 419456K,   0% used [0x00000000a0000000, 0x00000000a0000000, 0x00000000b99a0000)
  from space 52416K,  89% used [0x00000000b99a0000, 0x00000000bc79b948, 0x00000000bccd0000)
  to   space 52416K,   0% used [0x00000000bccd0000, 0x00000000bccd0000, 0x00000000c0000000)
 tenured generation   total 1048576K, used 636645K [0x00000000c0000000, 0x0000000100000000, 0x0000000100000000)
   the space 1048576K,  60% used [0x00000000c0000000, 0x00000000e6db9540, 0x00000000e6db9600, 0x0000000100000000)
 Metaspace       used 182683K, committed 185472K, reserved 409600K
  class space    used 25177K, committed 26496K, reserved 212992K
}
Event: 212.896 GC heap before
{Heap before GC invocations=166 (full 11):
 def new generation   total 471872K, used 466542K [0x00000000a0000000, 0x00000000c0000000, 0x00000000c0000000)
  eden space 419456K, 100% used [0x00000000a0000000, 0x00000000b99a0000, 0x00000000b99a0000)
  from space 52416K,  89% used [0x00000000b99a0000, 0x00000000bc79b948, 0x00000000bccd0000)
  to   space 52416K,   0% used [0x00000000bccd0000, 0x00000000bccd0000, 0x00000000c0000000)
 tenured generation   total 1048576K, used 636645K [0x00000000c0000000, 0x0000000100000000, 0x0000000100000000)
   the space 1048576K,  60% used [0x00000000c0000000, 0x00000000e6db9540, 0x00000000e6db9600, 0x0000000100000000)
 Metaspace       used 183340K, committed 186176K, reserved 409600K
  class space    used 25282K, committed 26624K, reserved 212992K
}
Event: 213.114 GC heap after
{Heap after GC invocations=167 (full 11):
 def new generation   total 471872K, used 52415K [0x00000000a0000000, 0x00000000c0000000, 0x00000000c0000000)
  eden space 419456K,   0% used [0x00000000a0000000, 0x00000000a0000000, 0x00000000b99a0000)
  from space 52416K,  99% used [0x00000000bccd0000, 0x00000000bffffff8, 0x00000000c0000000)
  to   space 52416K,   0% used [0x00000000b99a0000, 0x00000000b99a0000, 0x00000000bccd0000)
 tenured generation   total 1048576K, used 673004K [0x00000000c0000000, 0x0000000100000000, 0x0000000100000000)
   the space 1048576K,  64% used [0x00000000c0000000, 0x00000000e913b2c0, 0x00000000e913b400, 0x0000000100000000)
 Metaspace       used 183340K, committed 186176K, reserved 409600K
  class space    used 25282K, committed 26624K, reserved 212992K
}
Event: 214.126 GC heap before
{Heap before GC invocations=167 (full 11):
 def new generation   total 471872K, used 471871K [0x00000000a0000000, 0x00000000c0000000, 0x00000000c0000000)
  eden space 419456K, 100% used [0x00000000a0000000, 0x00000000b99a0000, 0x00000000b99a0000)
  from space 52416K,  99% used [0x00000000bccd0000, 0x00000000bffffff8, 0x00000000c0000000)
  to   space 52416K,   0% used [0x00000000b99a0000, 0x00000000b99a0000, 0x00000000bccd0000)
 tenured generation   total 1048576K, used 673004K [0x00000000c0000000, 0x0000000100000000, 0x0000000100000000)
   the space 1048576K,  64% used [0x00000000c0000000, 0x00000000e913b2c0, 0x00000000e913b400, 0x0000000100000000)
 Metaspace       used 183652K, committed 186496K, reserved 409600K
  class space    used 25325K, committed 26688K, reserved 212992K
}
Event: 214.331 GC heap after
{Heap after GC invocations=168 (full 11):
 def new generation   total 471872K, used 52416K [0x00000000a0000000, 0x00000000c0000000, 0x00000000c0000000)
  eden space 419456K,   0% used [0x00000000a0000000, 0x00000000a0000000, 0x00000000b99a0000)
  from space 52416K, 100% used [0x00000000b99a0000, 0x00000000bccd0000, 0x00000000bccd0000)
  to   space 52416K,   0% used [0x00000000bccd0000, 0x00000000bccd0000, 0x00000000c0000000)
 tenured generation   total 1048576K, used 731810K [0x00000000c0000000, 0x0000000100000000, 0x0000000100000000)
   the space 1048576K,  69% used [0x00000000c0000000, 0x00000000ecaa88c8, 0x00000000ecaa8a00, 0x0000000100000000)
 Metaspace       used 183652K, committed 186496K, reserved 409600K
  class space    used 25325K, committed 26688K, reserved 212992K
}
Event: 215.982 GC heap before
{Heap before GC invocations=168 (full 11):
 def new generation   total 471872K, used 471872K [0x00000000a0000000, 0x00000000c0000000, 0x00000000c0000000)
  eden space 419456K, 100% used [0x00000000a0000000, 0x00000000b99a0000, 0x00000000b99a0000)
  from space 52416K, 100% used [0x00000000b99a0000, 0x00000000bccd0000, 0x00000000bccd0000)
  to   space 52416K,   0% used [0x00000000bccd0000, 0x00000000bccd0000, 0x00000000c0000000)
 tenured generation   total 1048576K, used 731810K [0x00000000c0000000, 0x0000000100000000, 0x0000000100000000)
   the space 1048576K,  69% used [0x00000000c0000000, 0x00000000ecaa88c8, 0x00000000ecaa8a00, 0x0000000100000000)
 Metaspace       used 183687K, committed 186560K, reserved 409600K
  class space    used 25325K, committed 26688K, reserved 212992K
}
Event: 216.116 GC heap after
{Heap after GC invocations=169 (full 11):
 def new generation   total 471872K, used 41210K [0x00000000a0000000, 0x00000000c0000000, 0x00000000c0000000)
  eden space 419456K,   0% used [0x00000000a0000000, 0x00000000a0000000, 0x00000000b99a0000)
  from space 52416K,  78% used [0x00000000bccd0000, 0x00000000bf50e960, 0x00000000c0000000)
  to   space 52416K,   0% used [0x00000000b99a0000, 0x00000000b99a0000, 0x00000000bccd0000)
 tenured generation   total 1048576K, used 767253K [0x00000000c0000000, 0x0000000100000000, 0x0000000100000000)
   the space 1048576K,  73% used [0x00000000c0000000, 0x00000000eed45458, 0x00000000eed45600, 0x0000000100000000)
 Metaspace       used 183687K, committed 186560K, reserved 409600K
  class space    used 25325K, committed 26688K, reserved 212992K
}
Event: 217.374 GC heap before
{Heap before GC invocations=169 (full 11):
 def new generation   total 471872K, used 460666K [0x00000000a0000000, 0x00000000c0000000, 0x00000000c0000000)
  eden space 419456K, 100% used [0x00000000a0000000, 0x00000000b99a0000, 0x00000000b99a0000)
  from space 52416K,  78% used [0x00000000bccd0000, 0x00000000bf50e960, 0x00000000c0000000)
  to   space 52416K,   0% used [0x00000000b99a0000, 0x00000000b99a0000, 0x00000000bccd0000)
 tenured generation   total 1048576K, used 767253K [0x00000000c0000000, 0x0000000100000000, 0x0000000100000000)
   the space 1048576K,  73% used [0x00000000c0000000, 0x00000000eed45458, 0x00000000eed45600, 0x0000000100000000)
 Metaspace       used 185119K, committed 187968K, reserved 409600K
  class space    used 25519K, committed 26880K, reserved 212992K
}
Event: 217.610 GC heap after
{Heap after GC invocations=170 (full 11):
 def new generation   total 471872K, used 15616K [0x00000000a0000000, 0x00000000c0000000, 0x00000000c0000000)
  eden space 419456K,   0% used [0x00000000a0000000, 0x00000000a0000000, 0x00000000b99a0000)
  from space 52416K,  29% used [0x00000000b99a0000, 0x00000000ba8e00a0, 0x00000000bccd0000)
  to   space 52416K,   0% used [0x00000000bccd0000, 0x00000000bccd0000, 0x00000000c0000000)
 tenured generation   total 1048576K, used 807707K [0x00000000c0000000, 0x0000000100000000, 0x0000000100000000)
   the space 1048576K,  77% used [0x00000000c0000000, 0x00000000f14c6db0, 0x00000000f14c6e00, 0x0000000100000000)
 Metaspace       used 185119K, committed 187968K, reserved 409600K
  class space    used 25519K, committed 26880K, reserved 212992K
}
Event: 218.281 GC heap before
{Heap before GC invocations=170 (full 11):
 def new generation   total 471872K, used 435072K [0x00000000a0000000, 0x00000000c0000000, 0x00000000c0000000)
  eden space 419456K, 100% used [0x00000000a0000000, 0x00000000b99a0000, 0x00000000b99a0000)
  from space 52416K,  29% used [0x00000000b99a0000, 0x00000000ba8e00a0, 0x00000000bccd0000)
  to   space 52416K,   0% used [0x00000000bccd0000, 0x00000000bccd0000, 0x00000000c0000000)
 tenured generation   total 1048576K, used 807707K [0x00000000c0000000, 0x0000000100000000, 0x0000000100000000)
   the space 1048576K,  77% used [0x00000000c0000000, 0x00000000f14c6db0, 0x00000000f14c6e00, 0x0000000100000000)
 Metaspace       used 185344K, committed 188160K, reserved 409600K
  class space    used 25561K, committed 26880K, reserved 212992K
}
Event: 218.403 GC heap after
{Heap after GC invocations=171 (full 11):
 def new generation   total 471872K, used 50673K [0x00000000a0000000, 0x00000000c0000000, 0x00000000c0000000)
  eden space 419456K,   0% used [0x00000000a0000000, 0x00000000a0000000, 0x00000000b99a0000)
  from space 52416K,  96% used [0x00000000bccd0000, 0x00000000bfe4c7b8, 0x00000000c0000000)
  to   space 52416K,   0% used [0x00000000b99a0000, 0x00000000b99a0000, 0x00000000bccd0000)
 tenured generation   total 1048576K, used 807707K [0x00000000c0000000, 0x0000000100000000, 0x0000000100000000)
   the space 1048576K,  77% used [0x00000000c0000000, 0x00000000f14c6db0, 0x00000000f14c6e00, 0x0000000100000000)
 Metaspace       used 185344K, committed 188160K, reserved 409600K
  class space    used 25561K, committed 26880K, reserved 212992K
}
Event: 219.027 GC heap before
{Heap before GC invocations=171 (full 11):
 def new generation   total 471872K, used 470129K [0x00000000a0000000, 0x00000000c0000000, 0x00000000c0000000)
  eden space 419456K, 100% used [0x00000000a0000000, 0x00000000b99a0000, 0x00000000b99a0000)
  from space 52416K,  96% used [0x00000000bccd0000, 0x00000000bfe4c7b8, 0x00000000c0000000)
  to   space 52416K,   0% used [0x00000000b99a0000, 0x00000000b99a0000, 0x00000000bccd0000)
 tenured generation   total 1048576K, used 807707K [0x00000000c0000000, 0x0000000100000000, 0x0000000100000000)
   the space 1048576K,  77% used [0x00000000c0000000, 0x00000000f14c6db0, 0x00000000f14c6e00, 0x0000000100000000)
 Metaspace       used 185486K, committed 188352K, reserved 409600K
  class space    used 25583K, committed 26944K, reserved 212992K
}
Event: 219.163 GC heap after
{Heap after GC invocations=172 (full 11):
 def new generation   total 471872K, used 34857K [0x00000000a0000000, 0x00000000c0000000, 0x00000000c0000000)
  eden space 419456K,   0% used [0x00000000a0000000, 0x00000000a0000000, 0x00000000b99a0000)
  from space 52416K,  66% used [0x00000000b99a0000, 0x00000000bbbaa6c0, 0x00000000bccd0000)
  to   space 52416K,   0% used [0x00000000bccd0000, 0x00000000bccd0000, 0x00000000c0000000)
 tenured generation   total 1048576K, used 824350K [0x00000000c0000000, 0x0000000100000000, 0x0000000100000000)
   the space 1048576K,  78% used [0x00000000c0000000, 0x00000000f2507bf0, 0x00000000f2507c00, 0x0000000100000000)
 Metaspace       used 185486K, committed 188352K, reserved 409600K
  class space    used 25583K, committed 26944K, reserved 212992K
}

